This file contains any messages produced by compilers while
running configure, to aid debugging if configure makes a mistake.

It was created by AIM MIL Linux API configure 24.22.0, which was
generated by GNU Autoconf 2.71.  Invocation command line was

  $ ./configure --prefix=/usr/local

## --------- ##
## Platform. ##
## --------- ##

hostname = aim-aimpc
uname -m = x86_64
uname -r = 5.10.200-0510200-generic
uname -s = Linux
uname -v = #202502241507 SMP Mon Feb 24 15:48:00 UTC 2025

/usr/bin/uname -p = x86_64
/bin/uname -X     = unknown

/bin/arch              = x86_64
/usr/bin/arch -k       = unknown
/usr/convex/getsysinfo = unknown
/usr/bin/hostinfo      = unknown
/bin/machine           = unknown
/usr/bin/oslevel       = unknown
/bin/universe          = unknown

PATH: /usr/local/sbin/
PATH: /usr/local/bin/
PATH: /usr/sbin/
PATH: /usr/bin/
PATH: /sbin/
PATH: /bin/
PATH: /usr/games/
PATH: /usr/local/games/
PATH: /snap/bin/


## ----------- ##
## Core tests. ##
## ----------- ##

configure:2919: looking for aux files: config.guess config.sub ltmain.sh compile missing install-sh
configure:2932:  trying ./
configure:2961:   ./config.guess found
configure:2961:   ./config.sub found
configure:2961:   ./ltmain.sh found
configure:2961:   ./compile found
configure:2961:   ./missing found
configure:2943:   ./install-sh found
configure:3090: checking for a BSD-compatible install
configure:3163: result: /usr/bin/install -c
configure:3174: checking whether build environment is sane
configure:3229: result: yes
configure:3388: checking for a race-free mkdir -p
configure:3432: result: /usr/bin/mkdir -p
configure:3439: checking for gawk
configure:3474: result: no
configure:3439: checking for mawk
configure:3460: found /usr/bin/mawk
configure:3471: result: mawk
configure:3482: checking whether make sets $(MAKE)
configure:3505: result: yes
configure:3535: checking whether make supports nested variables
configure:3553: result: yes
configure:3794: checking for g++
configure:3815: found /usr/bin/g++
configure:3826: result: g++
configure:3853: checking for C++ compiler version
configure:3862: g++ --version >&5
g++ (Ubuntu 13.3.0-6ubuntu2~24.04) 13.3.0
Copyright (C) 2023 Free Software Foundation, Inc.
This is free software; see the source for copying conditions.  There is NO
warranty; not even for MERCHANTABILITY or FITNESS FOR A PARTICULAR PURPOSE.

configure:3873: $? = 0
configure:3862: g++ -v >&5
Using built-in specs.
COLLECT_GCC=g++
COLLECT_LTO_WRAPPER=/usr/libexec/gcc/x86_64-linux-gnu/13/lto-wrapper
OFFLOAD_TARGET_NAMES=nvptx-none:amdgcn-amdhsa
OFFLOAD_TARGET_DEFAULT=1
Target: x86_64-linux-gnu
Configured with: ../src/configure -v --with-pkgversion='Ubuntu 13.3.0-6ubuntu2~24.04' --with-bugurl=file:///usr/share/doc/gcc-13/README.Bugs --enable-languages=c,ada,c++,go,d,fortran,objc,obj-c++,m2 --prefix=/usr --with-gcc-major-version-only --program-suffix=-13 --program-prefix=x86_64-linux-gnu- --enable-shared --enable-linker-build-id --libexecdir=/usr/libexec --without-included-gettext --enable-threads=posix --libdir=/usr/lib --enable-nls --enable-bootstrap --enable-clocale=gnu --enable-libstdcxx-debug --enable-libstdcxx-time=yes --with-default-libstdcxx-abi=new --enable-libstdcxx-backtrace --enable-gnu-unique-object --disable-vtable-verify --enable-plugin --enable-default-pie --with-system-zlib --enable-libphobos-checking=release --with-target-system-zlib=auto --enable-objc-gc=auto --enable-multiarch --disable-werror --enable-cet --with-arch-32=i686 --with-abi=m64 --with-multilib-list=m32,m64,mx32 --enable-multilib --with-tune=generic --enable-offload-targets=nvptx-none=/build/gcc-13-fG75Ri/gcc-13-13.3.0/debian/tmp-nvptx/usr,amdgcn-amdhsa=/build/gcc-13-fG75Ri/gcc-13-13.3.0/debian/tmp-gcn/usr --enable-offload-defaulted --without-cuda-driver --enable-checking=release --build=x86_64-linux-gnu --host=x86_64-linux-gnu --target=x86_64-linux-gnu --with-build-config=bootstrap-lto-lean --enable-link-serialization=2
Thread model: posix
Supported LTO compression algorithms: zlib zstd
gcc version 13.3.0 (Ubuntu 13.3.0-6ubuntu2~24.04) 
... rest of stderr output deleted ...
configure:3873: $? = 0
configure:3862: g++ -V >&5
g++: error: unrecognized command-line option '-V'
g++: fatal error: no input files
compilation terminated.
configure:3873: $? = 1
configure:3862: g++ -qversion >&5
g++: error: unrecognized command-line option '-qversion'; did you mean '--version'?
g++: fatal error: no input files
compilation terminated.
configure:3873: $? = 1
configure:3893: checking whether the C++ compiler works
configure:3915: g++    conftest.cpp  >&5
configure:3919: $? = 0
configure:3969: result: yes
configure:3972: checking for C++ compiler default output file name
configure:3974: result: a.out
configure:3980: checking for suffix of executables
configure:3987: g++ -o conftest    conftest.cpp  >&5
configure:3991: $? = 0
configure:4014: result: 
configure:4036: checking whether we are cross compiling
configure:4044: g++ -o conftest    conftest.cpp  >&5
configure:4048: $? = 0
configure:4055: ./conftest
configure:4059: $? = 0
configure:4074: result: no
configure:4079: checking for suffix of object files
configure:4102: g++ -c   conftest.cpp >&5
configure:4106: $? = 0
configure:4128: result: o
configure:4132: checking whether the compiler supports GNU C++
configure:4152: g++ -c   conftest.cpp >&5
configure:4152: $? = 0
configure:4162: result: yes
configure:4173: checking whether g++ accepts -g
configure:4194: g++ -c -g  conftest.cpp >&5
configure:4194: $? = 0
configure:4238: result: yes
configure:4258: checking for g++ option to enable C++11 features
configure:4273: g++  -c -g -O2  conftest.cpp >&5
conftest.cpp: In function 'int main(int, char**)':
conftest.cpp:177:25: warning: empty parentheses were disambiguated as a function declaration [-Wvexing-parse]
  177 |   cxx11test::delegate d2();
      |                         ^~
conftest.cpp:177:25: note: remove parentheses to default-initialize a variable
  177 |   cxx11test::delegate d2();
      |                         ^~
      |                         --
conftest.cpp:177:25: note: or replace parentheses with braces to value-initialize a variable
configure:4273: $? = 0
configure:4291: result: none needed
configure:4358: checking whether make supports the include directive
configure:4373: make -f confmf.GNU && cat confinc.out
this is the am__doit target
configure:4376: $? = 0
configure:4395: result: yes (GNU style)
configure:4421: checking dependency style of g++
configure:4533: result: gcc3
configure:4610: checking for gcc
configure:4631: found /usr/bin/gcc
configure:4642: result: gcc
configure:4995: checking for C compiler version
configure:5004: gcc --version >&5
gcc (Ubuntu 13.3.0-6ubuntu2~24.04) 13.3.0
Copyright (C) 2023 Free Software Foundation, Inc.
This is free software; see the source for copying conditions.  There is NO
warranty; not even for MERCHANTABILITY or FITNESS FOR A PARTICULAR PURPOSE.

configure:5015: $? = 0
configure:5004: gcc -v >&5
Using built-in specs.
COLLECT_GCC=gcc
COLLECT_LTO_WRAPPER=/usr/libexec/gcc/x86_64-linux-gnu/13/lto-wrapper
OFFLOAD_TARGET_NAMES=nvptx-none:amdgcn-amdhsa
OFFLOAD_TARGET_DEFAULT=1
Target: x86_64-linux-gnu
Configured with: ../src/configure -v --with-pkgversion='Ubuntu 13.3.0-6ubuntu2~24.04' --with-bugurl=file:///usr/share/doc/gcc-13/README.Bugs --enable-languages=c,ada,c++,go,d,fortran,objc,obj-c++,m2 --prefix=/usr --with-gcc-major-version-only --program-suffix=-13 --program-prefix=x86_64-linux-gnu- --enable-shared --enable-linker-build-id --libexecdir=/usr/libexec --without-included-gettext --enable-threads=posix --libdir=/usr/lib --enable-nls --enable-bootstrap --enable-clocale=gnu --enable-libstdcxx-debug --enable-libstdcxx-time=yes --with-default-libstdcxx-abi=new --enable-libstdcxx-backtrace --enable-gnu-unique-object --disable-vtable-verify --enable-plugin --enable-default-pie --with-system-zlib --enable-libphobos-checking=release --with-target-system-zlib=auto --enable-objc-gc=auto --enable-multiarch --disable-werror --enable-cet --with-arch-32=i686 --with-abi=m64 --with-multilib-list=m32,m64,mx32 --enable-multilib --with-tune=generic --enable-offload-targets=nvptx-none=/build/gcc-13-fG75Ri/gcc-13-13.3.0/debian/tmp-nvptx/usr,amdgcn-amdhsa=/build/gcc-13-fG75Ri/gcc-13-13.3.0/debian/tmp-gcn/usr --enable-offload-defaulted --without-cuda-driver --enable-checking=release --build=x86_64-linux-gnu --host=x86_64-linux-gnu --target=x86_64-linux-gnu --with-build-config=bootstrap-lto-lean --enable-link-serialization=2
Thread model: posix
Supported LTO compression algorithms: zlib zstd
gcc version 13.3.0 (Ubuntu 13.3.0-6ubuntu2~24.04) 
... rest of stderr output deleted ...
configure:5015: $? = 0
configure:5004: gcc -V >&5
gcc: error: unrecognized command-line option '-V'
gcc: fatal error: no input files
compilation terminated.
configure:5015: $? = 1
configure:5004: gcc -qversion >&5
gcc: error: unrecognized command-line option '-qversion'; did you mean '--version'?
gcc: fatal error: no input files
compilation terminated.
configure:5015: $? = 1
configure:5004: gcc -version >&5
gcc: error: unrecognized command-line option '-version'
gcc: fatal error: no input files
compilation terminated.
configure:5015: $? = 1
configure:5019: checking whether the compiler supports GNU C
configure:5039: gcc -c   conftest.c >&5
configure:5039: $? = 0
configure:5049: result: yes
configure:5060: checking whether gcc accepts -g
configure:5081: gcc -c -g  conftest.c >&5
configure:5081: $? = 0
configure:5125: result: yes
configure:5145: checking for gcc option to enable C11 features
configure:5160: gcc  -c -g -O2  conftest.c >&5
configure:5160: $? = 0
configure:5178: result: none needed
configure:5294: checking whether gcc understands -c and -o together
configure:5317: gcc -c conftest.c -o conftest2.o
configure:5320: $? = 0
configure:5317: gcc -c conftest.c -o conftest2.o
configure:5320: $? = 0
configure:5332: result: yes
configure:5351: checking dependency style of gcc
configure:5463: result: gcc3
configure:5510: checking build system type
configure:5525: result: x86_64-pc-linux-gnu
configure:5545: checking host system type
configure:5559: result: x86_64-pc-linux-gnu
configure:5600: checking how to print strings
configure:5627: result: printf
configure:5648: checking for a sed that does not truncate output
configure:5718: result: /usr/bin/sed
configure:5736: checking for grep that handles long lines and -e
configure:5800: result: /usr/bin/grep
configure:5805: checking for egrep
configure:5873: result: /usr/bin/grep -E
configure:5878: checking for fgrep
configure:5946: result: /usr/bin/grep -F
configure:5982: checking for ld used by gcc
configure:6050: result: /usr/bin/ld
configure:6057: checking if the linker (/usr/bin/ld) is GNU ld
configure:6073: result: yes
configure:6085: checking for BSD- or MS-compatible name lister (nm)
configure:6140: result: /usr/bin/nm -B
configure:6280: checking the name lister (/usr/bin/nm -B) interface
configure:6288: gcc -c -g -O2  conftest.c >&5
configure:6291: /usr/bin/nm -B "conftest.o"
configure:6294: output
0000000000000000 B some_variable
configure:6301: result: BSD nm
configure:6304: checking whether ln -s works
configure:6308: result: yes
configure:6316: checking the maximum length of command line arguments
configure:6448: result: 1572864
configure:6496: checking how to convert x86_64-pc-linux-gnu file names to x86_64-pc-linux-gnu format
configure:6537: result: func_convert_file_noop
configure:6544: checking how to convert x86_64-pc-linux-gnu file names to toolchain format
configure:6565: result: func_convert_file_noop
configure:6572: checking for /usr/bin/ld option to reload object files
configure:6580: result: -r
configure:6659: checking for objdump
configure:6680: found /usr/bin/objdump
configure:6691: result: objdump
configure:6723: checking how to recognize dependent libraries
configure:6924: result: pass_all
configure:7014: checking for dlltool
configure:7049: result: no
configure:7079: checking how to associate runtime and link libraries
configure:7107: result: printf %s\n
configure:7173: checking for ar
configure:7194: found /usr/bin/ar
configure:7205: result: ar
configure:7242: checking for archiver @FILE support
configure:7260: gcc -c -g -O2  conftest.c >&5
configure:7260: $? = 0
configure:7264: ar cr libconftest.a @conftest.lst >&5
configure:7267: $? = 0
configure:7272: ar cr libconftest.a @conftest.lst >&5
ar: conftest.o: No such file or directory
configure:7275: $? = 1
configure:7287: result: @
configure:7350: checking for strip
configure:7371: found /usr/bin/strip
configure:7382: result: strip
configure:7459: checking for ranlib
configure:7480: found /usr/bin/ranlib
configure:7491: result: ranlib
configure:7593: checking command to parse /usr/bin/nm -B output from gcc object
configure:7747: gcc -c -g -O2  conftest.c >&5
configure:7750: $? = 0
configure:7754: /usr/bin/nm -B conftest.o | sed -n -e 's/^.*[	 ]\([ABCDGIRSTW][ABCDGIRSTW]*\)[	 ][	 ]*\([_A-Za-z][_A-Za-z0-9]*\)$/\1 \2 \2/p' | sed '/ __gnu_lto/d' > conftest.nm
configure:7820: gcc -o conftest -g -O2   conftest.c conftstm.o >&5
configure:7823: $? = 0
configure:7861: result: ok
configure:7908: checking for sysroot
configure:7939: result: no
configure:7946: checking for a working dd
configure:7990: result: /usr/bin/dd
configure:7994: checking how to truncate binary pipes
configure:8010: result: /usr/bin/dd bs=4096 count=1
configure:8147: gcc -c -g -O2  conftest.c >&5
configure:8150: $? = 0
configure:8347: checking for mt
configure:8368: found /usr/bin/mt
configure:8379: result: mt
configure:8402: checking if mt is a manifest tool
configure:8409: mt '-?'
configure:8417: result: no
configure:9147: checking for stdio.h
configure:9147: gcc -c -g -O2  conftest.c >&5
configure:9147: $? = 0
configure:9147: result: yes
configure:9147: checking for stdlib.h
configure:9147: gcc -c -g -O2  conftest.c >&5
configure:9147: $? = 0
configure:9147: result: yes
configure:9147: checking for string.h
configure:9147: gcc -c -g -O2  conftest.c >&5
configure:9147: $? = 0
configure:9147: result: yes
configure:9147: checking for inttypes.h
configure:9147: gcc -c -g -O2  conftest.c >&5
configure:9147: $? = 0
configure:9147: result: yes
configure:9147: checking for stdint.h
configure:9147: gcc -c -g -O2  conftest.c >&5
configure:9147: $? = 0
configure:9147: result: yes
configure:9147: checking for strings.h
configure:9147: gcc -c -g -O2  conftest.c >&5
configure:9147: $? = 0
configure:9147: result: yes
configure:9147: checking for sys/stat.h
configure:9147: gcc -c -g -O2  conftest.c >&5
configure:9147: $? = 0
configure:9147: result: yes
configure:9147: checking for sys/types.h
configure:9147: gcc -c -g -O2  conftest.c >&5
configure:9147: $? = 0
configure:9147: result: yes
configure:9147: checking for unistd.h
configure:9147: gcc -c -g -O2  conftest.c >&5
configure:9147: $? = 0
configure:9147: result: yes
configure:9147: checking for vfork.h
configure:9147: gcc -c -g -O2  conftest.c >&5
conftest.c:48:10: fatal error: vfork.h: No such file or directory
   48 | #include <vfork.h>
      |          ^~~~~~~~~
compilation terminated.
configure:9147: $? = 1
configure: failed program was:
| /* confdefs.h */
| #define PACKAGE_NAME "AIM MIL Linux API"
| #define PACKAGE_TARNAME "aim-mil-linux-api"
| #define PACKAGE_VERSION "24.22.0"
| #define PACKAGE_STRING "AIM MIL Linux API 24.22.0"
| #define PACKAGE_BUGREPORT "support@aim-online.com"
| #define PACKAGE_URL ""
| #define PACKAGE "aim-mil-linux-api"
| #define VERSION "24.22.0"
| #define HAVE_STDIO_H 1
| #define HAVE_STDLIB_H 1
| #define HAVE_STRING_H 1
| #define HAVE_INTTYPES_H 1
| #define HAVE_STDINT_H 1
| #define HAVE_STRINGS_H 1
| #define HAVE_SYS_STAT_H 1
| #define HAVE_SYS_TYPES_H 1
| #define HAVE_UNISTD_H 1
| /* end confdefs.h.  */
| #include <stddef.h>
| #ifdef HAVE_STDIO_H
| # include <stdio.h>
| #endif
| #ifdef HAVE_STDLIB_H
| # include <stdlib.h>
| #endif
| #ifdef HAVE_STRING_H
| # include <string.h>
| #endif
| #ifdef HAVE_INTTYPES_H
| # include <inttypes.h>
| #endif
| #ifdef HAVE_STDINT_H
| # include <stdint.h>
| #endif
| #ifdef HAVE_STRINGS_H
| # include <strings.h>
| #endif
| #ifdef HAVE_SYS_TYPES_H
| # include <sys/types.h>
| #endif
| #ifdef HAVE_SYS_STAT_H
| # include <sys/stat.h>
| #endif
| #ifdef HAVE_UNISTD_H
| # include <unistd.h>
| #endif
| #include <vfork.h>
configure:9147: result: no
configure:9172: checking for dlfcn.h
configure:9172: gcc -c -g -O2  conftest.c >&5
configure:9172: $? = 0
configure:9172: result: yes
configure:9411: checking for objdir
configure:9427: result: .libs
configure:9691: checking if gcc supports -fno-rtti -fno-exceptions
configure:9710: gcc -c -g -O2  -fno-rtti -fno-exceptions conftest.c >&5
cc1: warning: command-line option '-fno-rtti' is valid for C++/D/ObjC++ but not for C
configure:9714: $? = 0
configure:9727: result: no
configure:10091: checking for gcc option to produce PIC
configure:10099: result: -fPIC -DPIC
configure:10107: checking if gcc PIC flag -fPIC -DPIC works
configure:10126: gcc -c -g -O2  -fPIC -DPIC -DPIC conftest.c >&5
configure:10130: $? = 0
configure:10143: result: yes
configure:10172: checking if gcc static flag -static works
configure:10201: result: yes
configure:10216: checking if gcc supports -c -o file.o
configure:10238: gcc -c -g -O2  -o out/conftest2.o conftest.c >&5
configure:10242: $? = 0
configure:10264: result: yes
configure:10272: checking if gcc supports -c -o file.o
configure:10320: result: yes
configure:10353: checking whether the gcc linker (/usr/bin/ld -m elf_x86_64) supports shared libraries
configure:11623: result: yes
configure:11660: checking whether -lc should be explicitly linked in
configure:11669: gcc -c -g -O2  conftest.c >&5
configure:11672: $? = 0
configure:11687: gcc -shared  -fPIC -DPIC conftest.o  -v -Wl,-soname -Wl,conftest -o conftest 2\>\&1 \| /usr/bin/grep  -lc  \>/dev/null 2\>\&1
configure:11690: $? = 0
configure:11704: result: no
configure:11864: checking dynamic linker characteristics
configure:12446: gcc -o conftest -g -O2   -Wl,-rpath -Wl,/foo conftest.c  >&5
configure:12446: $? = 0
configure:12697: result: GNU/Linux ld.so
configure:12819: checking how to hardcode library paths into programs
configure:12844: result: immediate
configure:13396: checking whether stripping libraries is possible
configure:13401: result: yes
configure:13436: checking if libtool supports shared libraries
configure:13438: result: yes
configure:13441: checking whether to build shared libraries
configure:13466: result: yes
configure:13469: checking whether to build static libraries
configure:13473: result: no
configure:13496: checking how to run the C++ preprocessor
configure:13518: g++ -E  conftest.cpp
configure:13518: $? = 0
configure:13533: g++ -E  conftest.cpp
conftest.cpp:23:10: fatal error: ac_nonexistent.h: No such file or directory
   23 | #include <ac_nonexistent.h>
      |          ^~~~~~~~~~~~~~~~~~
compilation terminated.
configure:13533: $? = 1
configure: failed program was:
| /* confdefs.h */
| #define PACKAGE_NAME "AIM MIL Linux API"
| #define PACKAGE_TARNAME "aim-mil-linux-api"
| #define PACKAGE_VERSION "24.22.0"
| #define PACKAGE_STRING "AIM MIL Linux API 24.22.0"
| #define PACKAGE_BUGREPORT "support@aim-online.com"
| #define PACKAGE_URL ""
| #define PACKAGE "aim-mil-linux-api"
| #define VERSION "24.22.0"
| #define HAVE_STDIO_H 1
| #define HAVE_STDLIB_H 1
| #define HAVE_STRING_H 1
| #define HAVE_INTTYPES_H 1
| #define HAVE_STDINT_H 1
| #define HAVE_STRINGS_H 1
| #define HAVE_SYS_STAT_H 1
| #define HAVE_SYS_TYPES_H 1
| #define HAVE_UNISTD_H 1
| #define STDC_HEADERS 1
| #define HAVE_DLFCN_H 1
| #define LT_OBJDIR ".libs/"
| /* end confdefs.h.  */
| #include <ac_nonexistent.h>
configure:13560: result: g++ -E
configure:13574: g++ -E  conftest.cpp
configure:13574: $? = 0
configure:13589: g++ -E  conftest.cpp
conftest.cpp:23:10: fatal error: ac_nonexistent.h: No such file or directory
   23 | #include <ac_nonexistent.h>
      |          ^~~~~~~~~~~~~~~~~~
compilation terminated.
configure:13589: $? = 1
configure: failed program was:
| /* confdefs.h */
| #define PACKAGE_NAME "AIM MIL Linux API"
| #define PACKAGE_TARNAME "aim-mil-linux-api"
| #define PACKAGE_VERSION "24.22.0"
| #define PACKAGE_STRING "AIM MIL Linux API 24.22.0"
| #define PACKAGE_BUGREPORT "support@aim-online.com"
| #define PACKAGE_URL ""
| #define PACKAGE "aim-mil-linux-api"
| #define VERSION "24.22.0"
| #define HAVE_STDIO_H 1
| #define HAVE_STDLIB_H 1
| #define HAVE_STRING_H 1
| #define HAVE_INTTYPES_H 1
| #define HAVE_STDINT_H 1
| #define HAVE_STRINGS_H 1
| #define HAVE_SYS_STAT_H 1
| #define HAVE_SYS_TYPES_H 1
| #define HAVE_UNISTD_H 1
| #define STDC_HEADERS 1
| #define HAVE_DLFCN_H 1
| #define LT_OBJDIR ".libs/"
| /* end confdefs.h.  */
| #include <ac_nonexistent.h>
configure:13754: checking for ld used by g++
configure:13822: result: /usr/bin/ld -m elf_x86_64
configure:13829: checking if the linker (/usr/bin/ld -m elf_x86_64) is GNU ld
configure:13845: result: yes
configure:13900: checking whether the g++ linker (/usr/bin/ld -m elf_x86_64) supports shared libraries
configure:14977: result: yes
configure:15013: g++ -c -g -O2  conftest.cpp >&5
configure:15016: $? = 0
configure:15497: checking for g++ option to produce PIC
configure:15505: result: -fPIC -DPIC
configure:15513: checking if g++ PIC flag -fPIC -DPIC works
configure:15532: g++ -c -g -O2  -fPIC -DPIC -DPIC conftest.cpp >&5
configure:15536: $? = 0
configure:15549: result: yes
configure:15572: checking if g++ static flag -static works
configure:15601: result: yes
configure:15613: checking if g++ supports -c -o file.o
configure:15635: g++ -c -g -O2  -o out/conftest2.o conftest.cpp >&5
configure:15639: $? = 0
configure:15661: result: yes
configure:15666: checking if g++ supports -c -o file.o
configure:15714: result: yes
configure:15744: checking whether the g++ linker (/usr/bin/ld -m elf_x86_64) supports shared libraries
configure:15787: result: yes
configure:15929: checking dynamic linker characteristics
configure:16689: result: GNU/Linux ld.so
configure:16754: checking how to hardcode library paths into programs
configure:16779: result: immediate
configure:16840: checking whether ln -s works
configure:16844: result: yes
configure:16865: checking for python
configure:16903: result: no
configure:16865: checking for python2
configure:16903: result: no
configure:16865: checking for python3
configure:16888: found /usr/bin/python3
configure:16900: result: /usr/bin/python3
configure:16920: checking for python version
configure:16928: result: 3.12
configure:16933: checking for python platform
configure:16941: result: linux
configure:17002: checking for GNU default python prefix
configure:17004: result: ${prefix}
configure:17070: checking for GNU default python exec_prefix
configure:17072: result: ${exec_prefix}
configure:17103: checking for python script directory (pythondir)
configure:17145: result: ${PYTHON_PREFIX}/lib/python3.12/site-packages
configure:17153: checking for python extension module directory (pyexecdir)
configure:17195: result: ${PYTHON_EXEC_PREFIX}/lib/python3.12/site-packages
configure:17210: checking for fcntl.h
configure:17210: gcc -c -g -O2  conftest.c >&5
configure:17210: $? = 0
configure:17210: result: yes
configure:17216: checking for stdlib.h
configure:17216: result: yes
configure:17222: checking for string.h
configure:17222: result: yes
configure:17228: checking for sys/ioctl.h
configure:17228: gcc -c -g -O2  conftest.c >&5
configure:17228: $? = 0
configure:17228: result: yes
configure:17234: checking for unistd.h
configure:17234: result: yes
configure:17243: checking for inline
configure:17260: gcc -c -g -O2  conftest.c >&5
configure:17260: $? = 0
configure:17269: result: inline
configure:17288: checking for pid_t
configure:17288: gcc -c -g -O2  conftest.c >&5
configure:17288: $? = 0
configure:17288: gcc -c -g -O2  conftest.c >&5
conftest.c: In function 'main':
conftest.c:60:20: error: expected expression before ')' token
   60 | if (sizeof ((pid_t)))
      |                    ^
configure:17288: $? = 1
configure: failed program was:
| /* confdefs.h */
| #define PACKAGE_NAME "AIM MIL Linux API"
| #define PACKAGE_TARNAME "aim-mil-linux-api"
| #define PACKAGE_VERSION "24.22.0"
| #define PACKAGE_STRING "AIM MIL Linux API 24.22.0"
| #define PACKAGE_BUGREPORT "support@aim-online.com"
| #define PACKAGE_URL ""
| #define PACKAGE "aim-mil-linux-api"
| #define VERSION "24.22.0"
| #define HAVE_STDIO_H 1
| #define HAVE_STDLIB_H 1
| #define HAVE_STRING_H 1
| #define HAVE_INTTYPES_H 1
| #define HAVE_STDINT_H 1
| #define HAVE_STRINGS_H 1
| #define HAVE_SYS_STAT_H 1
| #define HAVE_SYS_TYPES_H 1
| #define HAVE_UNISTD_H 1
| #define STDC_HEADERS 1
| #define HAVE_DLFCN_H 1
| #define LT_OBJDIR ".libs/"
| #define HAVE_FCNTL_H 1
| #define HAVE_STDLIB_H 1
| #define HAVE_STRING_H 1
| #define HAVE_SYS_IOCTL_H 1
| #define HAVE_UNISTD_H 1
| /* end confdefs.h.  */
| #include <stddef.h>
| #ifdef HAVE_STDIO_H
| # include <stdio.h>
| #endif
| #ifdef HAVE_STDLIB_H
| # include <stdlib.h>
| #endif
| #ifdef HAVE_STRING_H
| # include <string.h>
| #endif
| #ifdef HAVE_INTTYPES_H
| # include <inttypes.h>
| #endif
| #ifdef HAVE_STDINT_H
| # include <stdint.h>
| #endif
| #ifdef HAVE_STRINGS_H
| # include <strings.h>
| #endif
| #ifdef HAVE_SYS_TYPES_H
| # include <sys/types.h>
| #endif
| #ifdef HAVE_SYS_STAT_H
| # include <sys/stat.h>
| #endif
| #ifdef HAVE_UNISTD_H
| # include <unistd.h>
| #endif
| 
| int
| main (void)
| {
| if (sizeof ((pid_t)))
| 	    return 0;
|   ;
|   return 0;
| }
configure:17288: result: yes
configure:17324: checking for size_t
configure:17324: gcc -c -g -O2  conftest.c >&5
configure:17324: $? = 0
configure:17324: gcc -c -g -O2  conftest.c >&5
conftest.c: In function 'main':
conftest.c:59:21: error: expected expression before ')' token
   59 | if (sizeof ((size_t)))
      |                     ^
configure:17324: $? = 1
configure: failed program was:
| /* confdefs.h */
| #define PACKAGE_NAME "AIM MIL Linux API"
| #define PACKAGE_TARNAME "aim-mil-linux-api"
| #define PACKAGE_VERSION "24.22.0"
| #define PACKAGE_STRING "AIM MIL Linux API 24.22.0"
| #define PACKAGE_BUGREPORT "support@aim-online.com"
| #define PACKAGE_URL ""
| #define PACKAGE "aim-mil-linux-api"
| #define VERSION "24.22.0"
| #define HAVE_STDIO_H 1
| #define HAVE_STDLIB_H 1
| #define HAVE_STRING_H 1
| #define HAVE_INTTYPES_H 1
| #define HAVE_STDINT_H 1
| #define HAVE_STRINGS_H 1
| #define HAVE_SYS_STAT_H 1
| #define HAVE_SYS_TYPES_H 1
| #define HAVE_UNISTD_H 1
| #define STDC_HEADERS 1
| #define HAVE_DLFCN_H 1
| #define LT_OBJDIR ".libs/"
| #define HAVE_FCNTL_H 1
| #define HAVE_STDLIB_H 1
| #define HAVE_STRING_H 1
| #define HAVE_SYS_IOCTL_H 1
| #define HAVE_UNISTD_H 1
| /* end confdefs.h.  */
| #include <stddef.h>
| #ifdef HAVE_STDIO_H
| # include <stdio.h>
| #endif
| #ifdef HAVE_STDLIB_H
| # include <stdlib.h>
| #endif
| #ifdef HAVE_STRING_H
| # include <string.h>
| #endif
| #ifdef HAVE_INTTYPES_H
| # include <inttypes.h>
| #endif
| #ifdef HAVE_STDINT_H
| # include <stdint.h>
| #endif
| #ifdef HAVE_STRINGS_H
| # include <strings.h>
| #endif
| #ifdef HAVE_SYS_TYPES_H
| # include <sys/types.h>
| #endif
| #ifdef HAVE_SYS_STAT_H
| # include <sys/stat.h>
| #endif
| #ifdef HAVE_UNISTD_H
| # include <unistd.h>
| #endif
| int
| main (void)
| {
| if (sizeof ((size_t)))
| 	    return 0;
|   ;
|   return 0;
| }
configure:17324: result: yes
configure:17334: checking for ssize_t
configure:17334: gcc -c -g -O2  conftest.c >&5
configure:17334: $? = 0
configure:17334: gcc -c -g -O2  conftest.c >&5
conftest.c: In function 'main':
conftest.c:59:22: error: expected expression before ')' token
   59 | if (sizeof ((ssize_t)))
      |                      ^
configure:17334: $? = 1
configure: failed program was:
| /* confdefs.h */
| #define PACKAGE_NAME "AIM MIL Linux API"
| #define PACKAGE_TARNAME "aim-mil-linux-api"
| #define PACKAGE_VERSION "24.22.0"
| #define PACKAGE_STRING "AIM MIL Linux API 24.22.0"
| #define PACKAGE_BUGREPORT "support@aim-online.com"
| #define PACKAGE_URL ""
| #define PACKAGE "aim-mil-linux-api"
| #define VERSION "24.22.0"
| #define HAVE_STDIO_H 1
| #define HAVE_STDLIB_H 1
| #define HAVE_STRING_H 1
| #define HAVE_INTTYPES_H 1
| #define HAVE_STDINT_H 1
| #define HAVE_STRINGS_H 1
| #define HAVE_SYS_STAT_H 1
| #define HAVE_SYS_TYPES_H 1
| #define HAVE_UNISTD_H 1
| #define STDC_HEADERS 1
| #define HAVE_DLFCN_H 1
| #define LT_OBJDIR ".libs/"
| #define HAVE_FCNTL_H 1
| #define HAVE_STDLIB_H 1
| #define HAVE_STRING_H 1
| #define HAVE_SYS_IOCTL_H 1
| #define HAVE_UNISTD_H 1
| /* end confdefs.h.  */
| #include <stddef.h>
| #ifdef HAVE_STDIO_H
| # include <stdio.h>
| #endif
| #ifdef HAVE_STDLIB_H
| # include <stdlib.h>
| #endif
| #ifdef HAVE_STRING_H
| # include <string.h>
| #endif
| #ifdef HAVE_INTTYPES_H
| # include <inttypes.h>
| #endif
| #ifdef HAVE_STDINT_H
| # include <stdint.h>
| #endif
| #ifdef HAVE_STRINGS_H
| # include <strings.h>
| #endif
| #ifdef HAVE_SYS_TYPES_H
| # include <sys/types.h>
| #endif
| #ifdef HAVE_SYS_STAT_H
| # include <sys/stat.h>
| #endif
| #ifdef HAVE_UNISTD_H
| # include <unistd.h>
| #endif
| int
| main (void)
| {
| if (sizeof ((ssize_t)))
| 	    return 0;
|   ;
|   return 0;
| }
configure:17334: result: yes
configure:17351: checking for fork
configure:17351: gcc -o conftest -g -O2   conftest.c  >&5
conftest.c:44:6: warning: conflicting types for built-in function 'fork'; expected 'int(void)' [-Wbuiltin-declaration-mismatch]
   44 | char fork ();
      |      ^~~~
configure:17351: $? = 0
configure:17351: result: yes
configure:17351: checking for vfork
configure:17351: gcc -o conftest -g -O2   conftest.c  >&5
configure:17351: $? = 0
configure:17351: result: yes
configure:17364: checking for working fork
configure:17388: gcc -o conftest -g -O2   conftest.c  >&5
configure:17388: $? = 0
configure:17388: ./conftest
configure:17388: $? = 0
configure:17399: result: yes
configure:17420: checking for working vfork
configure:17549: result: yes
configure:17574: checking for GNU libc compatible malloc
configure:17606: gcc -o conftest -g -O2   conftest.c  >&5
configure:17606: $? = 0
configure:17606: ./conftest
configure:17606: $? = 0
configure:17617: result: yes
configure:17639: checking for gettimeofday
configure:17639: gcc -o conftest -g -O2   conftest.c  >&5
configure:17639: $? = 0
configure:17639: result: yes
configure:17645: checking for memset
configure:17645: gcc -o conftest -g -O2   conftest.c  >&5
conftest.c:50:6: warning: conflicting types for built-in function 'memset'; expected 'void *(void *, int,  long unsigned int)' [-Wbuiltin-declaration-mismatch]
   50 | char memset ();
      |      ^~~~~~
conftest.c:42:1: note: 'memset' is declared in header '<string.h>'
   41 | #include <limits.h>
   42 | #undef memset
configure:17645: $? = 0
configure:17645: result: yes
configure:17651: checking for select
configure:17651: gcc -o conftest -g -O2   conftest.c  >&5
configure:17651: $? = 0
configure:17651: result: yes
configure:17657: checking for strcasecmp
configure:17657: gcc -o conftest -g -O2   conftest.c  >&5
conftest.c:52:6: warning: conflicting types for built-in function 'strcasecmp'; expected 'int(const char *, const char *)' [-Wbuiltin-declaration-mismatch]
   52 | char strcasecmp ();
      |      ^~~~~~~~~~
configure:17657: $? = 0
configure:17657: result: yes
configure:17663: checking for strerror
configure:17663: gcc -o conftest -g -O2   conftest.c  >&5
configure:17663: $? = 0
configure:17663: result: yes
configure:17670: checking for pthread_create in -lpthread
configure:17693: gcc -o conftest -g -O2   conftest.c -lpthread   >&5
configure:17693: $? = 0
configure:17703: result: yes
configure:17715: checking for clock_gettime in -lrt
configure:17738: gcc -o conftest -g -O2   conftest.c -lrt  -lpthread  >&5
configure:17738: $? = 0
configure:17748: result: yes
configure:17947: checking for pkg-config
configure:17970: found /usr/bin/pkg-config
configure:17982: result: /usr/bin/pkg-config
configure:18007: checking pkg-config is at least version 0.9.0
configure:18010: result: yes
configure:18020: checking for libnl-genl-3.0 >= 3.1
configure:18027: $PKG_CONFIG --exists --print-errors "libnl-genl-3.0 >= 3.1"
configure:18030: $? = 0
configure:18044: $PKG_CONFIG --exists --print-errors "libnl-genl-3.0 >= 3.1"
configure:18047: $? = 0
configure:18085: result: yes
configure:18223: checking that generated files are newer than configure
configure:18229: result: done
configure:18280: creating ./config.status

## ---------------------- ##
## Running config.status. ##
## ---------------------- ##

This file was extended by AIM MIL Linux API config.status 24.22.0, which was
generated by GNU Autoconf 2.71.  Invocation command line was

  CONFIG_FILES    = 
  CONFIG_HEADERS  = 
  CONFIG_LINKS    = 
  CONFIG_COMMANDS = 
  $ ./config.status 

on aim-aimpc

config.status:1208: creating Makefile
config.status:1208: creating src/Makefile
config.status:1208: creating add-ons/python/Makefile
config.status:1208: creating add-ons/python/aim_mil/Makefile
config.status:1208: creating config.h
config.status:1437: executing depfiles commands
config.status:1514: cd src       && sed -e '/# am--include-marker/d' Makefile         | make -f - am--depfiles
config.status:1519: $? = 0
config.status:1437: executing libtool commands
configure:20755: === configuring in sample (/home/aim/mil-std-1553-linux-bsp-15.3.0/src/library/sample)
configure:20816: running /bin/bash ./configure --disable-option-checking '--prefix=/usr/local'  'AIM_BSP_COMMON=/home/aim/mil-std-1553-linux-bsp-15.3.0/src/AIM-BSP-Common' 'MIL_TSW=/home/aim/mil-std-1553-linux-bsp-15.3.0/src/tsw' 'ANS_COMMON=/home/aim/mil-std-1553-linux-bsp-15.3.0/src/ANS-Common' 'PCI_DRIVER_LINUX=/home/aim/mil-std-1553-linux-bsp-15.3.0/src/drivers/pci' 'ESMART=/home/aim/mil-std-1553-linux-bsp-15.3.0/src/eSmart' --cache-file=/dev/null --srcdir=.

## ---------------- ##
## Cache variables. ##
## ---------------- ##

ac_cv_build=x86_64-pc-linux-gnu
ac_cv_c_compiler_gnu=yes
ac_cv_c_inline=inline
ac_cv_cxx_compiler_gnu=yes
ac_cv_env_AIM_BSP_COMMON_set=set
ac_cv_env_AIM_BSP_COMMON_value=/home/aim/mil-std-1553-linux-bsp-15.3.0/src/AIM-BSP-Common
ac_cv_env_ANS_COMMON_set=set
ac_cv_env_ANS_COMMON_value=/home/aim/mil-std-1553-linux-bsp-15.3.0/src/ANS-Common
ac_cv_env_CCC_set=
ac_cv_env_CCC_value=
ac_cv_env_CC_set=
ac_cv_env_CC_value=
ac_cv_env_CFLAGS_set=
ac_cv_env_CFLAGS_value=
ac_cv_env_CPPFLAGS_set=
ac_cv_env_CPPFLAGS_value=
ac_cv_env_CXXCPP_set=
ac_cv_env_CXXCPP_value=
ac_cv_env_CXXFLAGS_set=
ac_cv_env_CXXFLAGS_value=
ac_cv_env_CXX_set=
ac_cv_env_CXX_value=
ac_cv_env_ESMART_set=set
ac_cv_env_ESMART_value=/home/aim/mil-std-1553-linux-bsp-15.3.0/src/eSmart
ac_cv_env_LDFLAGS_set=
ac_cv_env_LDFLAGS_value=
ac_cv_env_LIBNL3_GENL_CFLAGS_set=
ac_cv_env_LIBNL3_GENL_CFLAGS_value=
ac_cv_env_LIBNL3_GENL_LIBS_set=
ac_cv_env_LIBNL3_GENL_LIBS_value=
ac_cv_env_LIBS_set=
ac_cv_env_LIBS_value=
ac_cv_env_LINUX_STABLE_RT_AIM_set=
ac_cv_env_LINUX_STABLE_RT_AIM_value=
ac_cv_env_LINUX_XLNX_set=
ac_cv_env_LINUX_XLNX_value=
ac_cv_env_LT_SYS_LIBRARY_PATH_set=
ac_cv_env_LT_SYS_LIBRARY_PATH_value=
ac_cv_env_MIL_TSW_set=set
ac_cv_env_MIL_TSW_value=/home/aim/mil-std-1553-linux-bsp-15.3.0/src/tsw
ac_cv_env_PCI_DRIVER_LINUX_set=set
ac_cv_env_PCI_DRIVER_LINUX_value=/home/aim/mil-std-1553-linux-bsp-15.3.0/src/drivers/pci
ac_cv_env_PCI_DRIVER_XENOMAI_set=
ac_cv_env_PCI_DRIVER_XENOMAI_value=
ac_cv_env_PKG_CONFIG_LIBDIR_set=
ac_cv_env_PKG_CONFIG_LIBDIR_value=
ac_cv_env_PKG_CONFIG_PATH_set=
ac_cv_env_PKG_CONFIG_PATH_value=
ac_cv_env_PKG_CONFIG_set=
ac_cv_env_PKG_CONFIG_value=
ac_cv_env_PYTHON_set=
ac_cv_env_PYTHON_value=
ac_cv_env_XENOMAI_INCLUDES_set=
ac_cv_env_XENOMAI_INCLUDES_value=
ac_cv_env_XENOMAI_LIBS_set=
ac_cv_env_XENOMAI_LIBS_value=
ac_cv_env_build_alias_set=
ac_cv_env_build_alias_value=
ac_cv_env_host_alias_set=
ac_cv_env_host_alias_value=
ac_cv_env_target_alias_set=
ac_cv_env_target_alias_value=
ac_cv_func_fork=yes
ac_cv_func_fork_works=yes
ac_cv_func_gettimeofday=yes
ac_cv_func_malloc_0_nonnull=yes
ac_cv_func_memset=yes
ac_cv_func_select=yes
ac_cv_func_strcasecmp=yes
ac_cv_func_strerror=yes
ac_cv_func_vfork=yes
ac_cv_func_vfork_works=yes
ac_cv_header_dlfcn_h=yes
ac_cv_header_fcntl_h=yes
ac_cv_header_inttypes_h=yes
ac_cv_header_stdint_h=yes
ac_cv_header_stdio_h=yes
ac_cv_header_stdlib_h=yes
ac_cv_header_string_h=yes
ac_cv_header_strings_h=yes
ac_cv_header_sys_ioctl_h=yes
ac_cv_header_sys_stat_h=yes
ac_cv_header_sys_types_h=yes
ac_cv_header_unistd_h=yes
ac_cv_header_vfork_h=no
ac_cv_host=x86_64-pc-linux-gnu
ac_cv_lib_pthread_pthread_create=yes
ac_cv_lib_rt_clock_gettime=yes
ac_cv_objext=o
ac_cv_path_EGREP='/usr/bin/grep -E'
ac_cv_path_FGREP='/usr/bin/grep -F'
ac_cv_path_GREP=/usr/bin/grep
ac_cv_path_PYTHON=/usr/bin/python3
ac_cv_path_SED=/usr/bin/sed
ac_cv_path_ac_pt_PKG_CONFIG=/usr/bin/pkg-config
ac_cv_path_install='/usr/bin/install -c'
ac_cv_path_lt_DD=/usr/bin/dd
ac_cv_path_mkdir=/usr/bin/mkdir
ac_cv_prog_AWK=mawk
ac_cv_prog_CXXCPP='g++ -E'
ac_cv_prog_ac_ct_AR=ar
ac_cv_prog_ac_ct_CC=gcc
ac_cv_prog_ac_ct_CXX=g++
ac_cv_prog_ac_ct_MANIFEST_TOOL=mt
ac_cv_prog_ac_ct_OBJDUMP=objdump
ac_cv_prog_ac_ct_RANLIB=ranlib
ac_cv_prog_ac_ct_STRIP=strip
ac_cv_prog_cc_c11=
ac_cv_prog_cc_g=yes
ac_cv_prog_cc_stdc=
ac_cv_prog_cxx_11=no
ac_cv_prog_cxx_cxx11=
ac_cv_prog_cxx_g=yes
ac_cv_prog_cxx_stdcxx=
ac_cv_prog_make_make_set=yes
ac_cv_type_pid_t=yes
ac_cv_type_size_t=yes
ac_cv_type_ssize_t=yes
am_cv_CC_dependencies_compiler_type=gcc3
am_cv_CXX_dependencies_compiler_type=gcc3
am_cv_make_support_nested_variables=yes
am_cv_prog_cc_c_o=yes
am_cv_python_platform=linux
am_cv_python_pyexecdir='${PYTHON_EXEC_PREFIX}/lib/python3.12/site-packages'
am_cv_python_pythondir='${PYTHON_PREFIX}/lib/python3.12/site-packages'
am_cv_python_version=3.12
lt_cv_ar_at_file=@
lt_cv_archive_cmds_need_lc=no
lt_cv_deplibs_check_method=pass_all
lt_cv_file_magic_cmd='$MAGIC_CMD'
lt_cv_file_magic_test_file=
lt_cv_ld_reload_flag=-r
lt_cv_nm_interface='BSD nm'
lt_cv_objdir=.libs
lt_cv_path_LD=/usr/bin/ld
lt_cv_path_LDCXX='/usr/bin/ld -m elf_x86_64'
lt_cv_path_NM='/usr/bin/nm -B'
lt_cv_path_mainfest_tool=no
lt_cv_prog_compiler_c_o=yes
lt_cv_prog_compiler_c_o_CXX=yes
lt_cv_prog_compiler_pic='-fPIC -DPIC'
lt_cv_prog_compiler_pic_CXX='-fPIC -DPIC'
lt_cv_prog_compiler_pic_works=yes
lt_cv_prog_compiler_pic_works_CXX=yes
lt_cv_prog_compiler_rtti_exceptions=no
lt_cv_prog_compiler_static_works=yes
lt_cv_prog_compiler_static_works_CXX=yes
lt_cv_prog_gnu_ld=yes
lt_cv_prog_gnu_ldcxx=yes
lt_cv_sharedlib_from_linklib_cmd='printf %s\n'
lt_cv_shlibpath_overrides_runpath=yes
lt_cv_sys_global_symbol_pipe='sed -n -e '\''s/^.*[	 ]\([ABCDGIRSTW][ABCDGIRSTW]*\)[	 ][	 ]*\([_A-Za-z][_A-Za-z0-9]*\)$/\1 \2 \2/p'\'' | sed '\''/ __gnu_lto/d'\'''
lt_cv_sys_global_symbol_to_c_name_address='sed -n -e '\''s/^: \(.*\) .*$/  {"\1", (void *) 0},/p'\'' -e '\''s/^[ABCDGIRSTW][ABCDGIRSTW]* .* \(.*\)$/  {"\1", (void *) \&\1},/p'\'''
lt_cv_sys_global_symbol_to_c_name_address_lib_prefix='sed -n -e '\''s/^: \(.*\) .*$/  {"\1", (void *) 0},/p'\'' -e '\''s/^[ABCDGIRSTW][ABCDGIRSTW]* .* \(lib.*\)$/  {"\1", (void *) \&\1},/p'\'' -e '\''s/^[ABCDGIRSTW][ABCDGIRSTW]* .* \(.*\)$/  {"lib\1", (void *) \&\1},/p'\'''
lt_cv_sys_global_symbol_to_cdecl='sed -n -e '\''s/^T .* \(.*\)$/extern int \1();/p'\'' -e '\''s/^[ABCDGIRSTW][ABCDGIRSTW]* .* \(.*\)$/extern char \1;/p'\'''
lt_cv_sys_global_symbol_to_import=
lt_cv_sys_max_cmd_len=1572864
lt_cv_to_host_file_cmd=func_convert_file_noop
lt_cv_to_tool_file_cmd=func_convert_file_noop
lt_cv_truncate_bin='/usr/bin/dd bs=4096 count=1'
pkg_cv_LIBNL3_GENL_CFLAGS='-I/usr/include/libnl3 '
pkg_cv_LIBNL3_GENL_LIBS='-lnl-genl-3 -lnl-3 '

## ----------------- ##
## Output variables. ##
## ----------------- ##

ACLOCAL='${SHELL} '\''/home/aim/mil-std-1553-linux-bsp-15.3.0/src/library/missing'\'' aclocal-1.16'
AIM_BSP_COMMON='/home/aim/mil-std-1553-linux-bsp-15.3.0/src/AIM-BSP-Common'
AIM_XENOMAI_FALSE=''
AIM_XENOMAI_TRUE='#'
AMDEPBACKSLASH='\'
AMDEP_FALSE='#'
AMDEP_TRUE=''
AMTAR='$${TAR-tar}'
AM_BACKSLASH='\'
AM_DEFAULT_V='$(AM_DEFAULT_VERBOSITY)'
AM_DEFAULT_VERBOSITY='1'
AM_V='$(V)'
ANS_COMMON='/home/aim/mil-std-1553-linux-bsp-15.3.0/src/ANS-Common'
AR='ar'
AUTOCONF='${SHELL} '\''/home/aim/mil-std-1553-linux-bsp-15.3.0/src/library/missing'\'' autoconf'
AUTOHEADER='${SHELL} '\''/home/aim/mil-std-1553-linux-bsp-15.3.0/src/library/missing'\'' autoheader'
AUTOMAKE='${SHELL} '\''/home/aim/mil-std-1553-linux-bsp-15.3.0/src/library/missing'\'' automake-1.16'
AWK='mawk'
CC='gcc'
CCDEPMODE='depmode=gcc3'
CFLAGS='-g -O2'
CPPFLAGS=' -I/usr/include/libnl3 '
CSCOPE='cscope'
CTAGS='ctags'
CXX='g++'
CXXCPP='g++ -E'
CXXDEPMODE='depmode=gcc3'
CXXFLAGS='-g -O2'
CYGPATH_W='echo'
DEFS='-DHAVE_CONFIG_H'
DEPDIR='.deps'
DLLTOOL='false'
DSYMUTIL=''
DUMPBIN=''
ECHO_C=''
ECHO_N='-n'
ECHO_T=''
EGREP='/usr/bin/grep -E'
EMBEDDED_AT91_FALSE=''
EMBEDDED_AT91_TRUE='#'
EMBEDDED_LINUX_ROOT_BUILDROOT='/output/host/usr/arm-buildroot-linux-gnueabihf/sysroot'
EMBEDDED_LINUX_ROOT_UNKNOWN='/output/host/usr/arm-unknown-linux-gnueabi/sysroot'
EMBEDDED_XLNX_FALSE=''
EMBEDDED_XLNX_TRUE='#'
ESMART='/home/aim/mil-std-1553-linux-bsp-15.3.0/src/eSmart'
ETAGS='etags'
EXEEXT=''
FGREP='/usr/bin/grep -F'
GREP='/usr/bin/grep'
HS_FALSE=''
HS_TRUE='#'
INSTALL_DATA='${INSTALL} -m 644'
INSTALL_PROGRAM='${INSTALL}'
INSTALL_SCRIPT='${INSTALL}'
INSTALL_STRIP_PROGRAM='$(install_sh) -c -s'
LD='/usr/bin/ld -m elf_x86_64'
LDFLAGS=''
LIBNL3_GENL_CFLAGS='-I/usr/include/libnl3 '
LIBNL3_GENL_LIBS='-lnl-genl-3 -lnl-3 '
LIBOBJS=''
LIBRARY_MAJOR='24'
LIBRARY_MAJOR_SO='46'
LIBRARY_MINOR='22'
LIBRARY_REVISION='0'
LIBS='-lrt -lpthread  -lnl-genl-3 -lnl-3 '
LIBTOOL='$(SHELL) $(top_builddir)/libtool'
LINUX_STABLE_RT_AIM=''
LINUX_XLNX=''
LIPO=''
LN_S='ln -s'
LTLIBOBJS=''
LT_SYS_LIBRARY_PATH=''
MAKEINFO='${SHELL} '\''/home/aim/mil-std-1553-linux-bsp-15.3.0/src/library/missing'\'' makeinfo'
MANIFEST_TOOL=':'
MIL_TSW='/home/aim/mil-std-1553-linux-bsp-15.3.0/src/tsw'
MKDIR_P='/usr/bin/mkdir -p'
NM='/usr/bin/nm -B'
NMEDIT=''
OBJDUMP='objdump'
OBJEXT='o'
OTOOL64=''
OTOOL=''
PACKAGE='aim-mil-linux-api'
PACKAGE_BUGREPORT='support@aim-online.com'
PACKAGE_NAME='AIM MIL Linux API'
PACKAGE_STRING='AIM MIL Linux API 24.22.0'
PACKAGE_TARNAME='aim-mil-linux-api'
PACKAGE_URL=''
PACKAGE_VERSION='24.22.0'
PATH_SEPARATOR=':'
PCI_DRIVER_LINUX='/home/aim/mil-std-1553-linux-bsp-15.3.0/src/drivers/pci'
PCI_DRIVER_XENOMAI=''
PKG_CONFIG='/usr/bin/pkg-config'
PKG_CONFIG_LIBDIR=''
PKG_CONFIG_PATH=''
PYTHON='/usr/bin/python3'
PYTHON_CUSTOM_PATH_FALSE=''
PYTHON_CUSTOM_PATH_TRUE='#'
PYTHON_EXEC_PREFIX='${exec_prefix}'
PYTHON_FALSE=''
PYTHON_PLATFORM='linux'
PYTHON_PREFIX='${prefix}'
PYTHON_TRUE='#'
PYTHON_VERSION='3.12'
RANLIB='ranlib'
SED='/usr/bin/sed'
SET_MAKE=''
SHELL='/bin/bash'
STRIP='strip'
VERSION='24.22.0'
WITH_PYTHON=''
XENOMAI_INCLUDES=''
XENOMAI_LIBS=''
ac_ct_AR='ar'
ac_ct_CC='gcc'
ac_ct_CXX='g++'
ac_ct_DUMPBIN=''
am__EXEEXT_FALSE=''
am__EXEEXT_TRUE='#'
am__fastdepCC_FALSE='#'
am__fastdepCC_TRUE=''
am__fastdepCXX_FALSE='#'
am__fastdepCXX_TRUE=''
am__include='include'
am__isrc=''
am__leading_dot='.'
am__nodep='_no'
am__quote=''
am__tar='$${TAR-tar} chof - "$$tardir"'
am__untar='$${TAR-tar} xf -'
bindir='${exec_prefix}/bin'
build='x86_64-pc-linux-gnu'
build_alias=''
build_cpu='x86_64'
build_os='linux-gnu'
build_vendor='pc'
datadir='${datarootdir}'
datarootdir='${prefix}/share'
docdir='${datarootdir}/doc/${PACKAGE_TARNAME}'
dvidir='${docdir}'
exec_prefix='${prefix}'
host='x86_64-pc-linux-gnu'
host_alias=''
host_cpu='x86_64'
host_os='linux-gnu'
host_vendor='pc'
htmldir='${docdir}'
includedir='${prefix}/include'
infodir='${datarootdir}/info'
install_sh='${SHELL} /home/aim/mil-std-1553-linux-bsp-15.3.0/src/library/install-sh'
libdir='${exec_prefix}/lib'
libexecdir='${exec_prefix}/libexec'
localedir='${datarootdir}/locale'
localstatedir='${prefix}/var'
mandir='${datarootdir}/man'
mkdir_p='$(MKDIR_P)'
oldincludedir='/usr/include'
pdfdir='${docdir}'
pkgpyexecdir='${pyexecdir}/aim-mil-linux-api'
pkgpythondir='${pythondir}/aim-mil-linux-api'
prefix='/usr/local'
program_transform_name='s,x,x,'
psdir='${docdir}'
pyexecdir='${PYTHON_EXEC_PREFIX}/lib/python3.12/site-packages'
pythondir='${PYTHON_PREFIX}/lib/python3.12/site-packages'
runstatedir='${localstatedir}/run'
sbindir='${exec_prefix}/sbin'
sharedstatedir='${prefix}/com'
subdirs=' sample'
sysconfdir='${prefix}/etc'
target_alias=''

## ----------- ##
## confdefs.h. ##
## ----------- ##

/* confdefs.h */
#define PACKAGE_NAME "AIM MIL Linux API"
#define PACKAGE_TARNAME "aim-mil-linux-api"
#define PACKAGE_VERSION "24.22.0"
#define PACKAGE_STRING "AIM MIL Linux API 24.22.0"
#define PACKAGE_BUGREPORT "support@aim-online.com"
#define PACKAGE_URL ""
#define PACKAGE "aim-mil-linux-api"
#define VERSION "24.22.0"
#define HAVE_STDIO_H 1
#define HAVE_STDLIB_H 1
#define HAVE_STRING_H 1
#define HAVE_INTTYPES_H 1
#define HAVE_STDINT_H 1
#define HAVE_STRINGS_H 1
#define HAVE_SYS_STAT_H 1
#define HAVE_SYS_TYPES_H 1
#define HAVE_UNISTD_H 1
#define STDC_HEADERS 1
#define HAVE_DLFCN_H 1
#define LT_OBJDIR ".libs/"
#define HAVE_FCNTL_H 1
#define HAVE_STDLIB_H 1
#define HAVE_STRING_H 1
#define HAVE_SYS_IOCTL_H 1
#define HAVE_UNISTD_H 1
#define HAVE_FORK 1
#define HAVE_VFORK 1
#define HAVE_WORKING_VFORK 1
#define HAVE_WORKING_FORK 1
#define HAVE_MALLOC 1
#define HAVE_GETTIMEOFDAY 1
#define HAVE_MEMSET 1
#define HAVE_SELECT 1
#define HAVE_STRCASECMP 1
#define HAVE_STRERROR 1
#define HAVE_LIBPTHREAD 1
#define HAVE_LIBRT 1
#define HAVE_PNP 1
#define HAVE_LIBNL3 1

configure: exit 0
