This file contains any messages produced by compilers while
running configure, to aid debugging if configure makes a mistake.

It was created by MIL API Sample configure 0.0.0, which was
generated by GNU Autoconf 2.71.  Invocation command line was

  $ ./configure --disable-option-checking --prefix=/usr/local AIM_BSP_COMMON=/home/aim/mil-std-1553-linux-bsp-15.3.0/src/AIM-BSP-Common MIL_TSW=/home/aim/mil-std-1553-linux-bsp-15.3.0/src/tsw ANS_COMMON=/home/aim/mil-std-1553-linux-bsp-15.3.0/src/ANS-Common PCI_DRIVER_LINUX=/home/aim/mil-std-1553-linux-bsp-15.3.0/src/drivers/pci ESMART=/home/aim/mil-std-1553-linux-bsp-15.3.0/src/eSmart --cache-file=/dev/null --srcdir=.

## --------- ##
## Platform. ##
## --------- ##

hostname = aim-aimpc
uname -m = x86_64
uname -r = 5.10.200-0510200-generic
uname -s = Linux
uname -v = #202502241507 SMP Mon Feb 24 15:48:00 UTC 2025

/usr/bin/uname -p = x86_64
/bin/uname -X     = unknown

/bin/arch              = x86_64
/usr/bin/arch -k       = unknown
/usr/convex/getsysinfo = unknown
/usr/bin/hostinfo      = unknown
/bin/machine           = unknown
/usr/bin/oslevel       = unknown
/bin/universe          = unknown

PATH: /usr/local/sbin/
PATH: /usr/local/bin/
PATH: /usr/sbin/
PATH: /usr/bin/
PATH: /sbin/
PATH: /bin/
PATH: /usr/games/
PATH: /usr/local/games/
PATH: /snap/bin/


## ----------- ##
## Core tests. ##
## ----------- ##

configure:2137: looking for aux files: compile missing install-sh config.guess config.sub
configure:2150:  trying ./
configure:2179:   ./compile found
configure:2179:   ./missing found
configure:2161:   ./install-sh found
configure:2179:   ./config.guess found
configure:2179:   ./config.sub found
configure:2299: checking build system type
configure:2314: result: x86_64-pc-linux-gnu
configure:2334: checking host system type
configure:2348: result: x86_64-pc-linux-gnu
configure:2368: checking target system type
configure:2382: result: x86_64-pc-linux-gnu
configure:2427: checking for a BSD-compatible install
configure:2500: result: /usr/bin/install -c
configure:2511: checking whether build environment is sane
configure:2566: result: yes
configure:2725: checking for a race-free mkdir -p
configure:2769: result: /usr/bin/mkdir -p
configure:2776: checking for gawk
configure:2811: result: no
configure:2776: checking for mawk
configure:2797: found /usr/bin/mawk
configure:2808: result: mawk
configure:2819: checking whether make sets $(MAKE)
configure:2842: result: yes
configure:2872: checking whether make supports nested variables
configure:2890: result: yes
configure:3091: checking for gcc
configure:3112: found /usr/bin/gcc
configure:3123: result: gcc
configure:3476: checking for C compiler version
configure:3485: gcc --version >&5
gcc (Ubuntu 13.3.0-6ubuntu2~24.04) 13.3.0
Copyright (C) 2023 Free Software Foundation, Inc.
This is free software; see the source for copying conditions.  There is NO
warranty; not even for MERCHANTABILITY or FITNESS FOR A PARTICULAR PURPOSE.

configure:3496: $? = 0
configure:3485: gcc -v >&5
Using built-in specs.
COLLECT_GCC=gcc
COLLECT_LTO_WRAPPER=/usr/libexec/gcc/x86_64-linux-gnu/13/lto-wrapper
OFFLOAD_TARGET_NAMES=nvptx-none:amdgcn-amdhsa
OFFLOAD_TARGET_DEFAULT=1
Target: x86_64-linux-gnu
Configured with: ../src/configure -v --with-pkgversion='Ubuntu 13.3.0-6ubuntu2~24.04' --with-bugurl=file:///usr/share/doc/gcc-13/README.Bugs --enable-languages=c,ada,c++,go,d,fortran,objc,obj-c++,m2 --prefix=/usr --with-gcc-major-version-only --program-suffix=-13 --program-prefix=x86_64-linux-gnu- --enable-shared --enable-linker-build-id --libexecdir=/usr/libexec --without-included-gettext --enable-threads=posix --libdir=/usr/lib --enable-nls --enable-bootstrap --enable-clocale=gnu --enable-libstdcxx-debug --enable-libstdcxx-time=yes --with-default-libstdcxx-abi=new --enable-libstdcxx-backtrace --enable-gnu-unique-object --disable-vtable-verify --enable-plugin --enable-default-pie --with-system-zlib --enable-libphobos-checking=release --with-target-system-zlib=auto --enable-objc-gc=auto --enable-multiarch --disable-werror --enable-cet --with-arch-32=i686 --with-abi=m64 --with-multilib-list=m32,m64,mx32 --enable-multilib --with-tune=generic --enable-offload-targets=nvptx-none=/build/gcc-13-fG75Ri/gcc-13-13.3.0/debian/tmp-nvptx/usr,amdgcn-amdhsa=/build/gcc-13-fG75Ri/gcc-13-13.3.0/debian/tmp-gcn/usr --enable-offload-defaulted --without-cuda-driver --enable-checking=release --build=x86_64-linux-gnu --host=x86_64-linux-gnu --target=x86_64-linux-gnu --with-build-config=bootstrap-lto-lean --enable-link-serialization=2
Thread model: posix
Supported LTO compression algorithms: zlib zstd
gcc version 13.3.0 (Ubuntu 13.3.0-6ubuntu2~24.04) 
... rest of stderr output deleted ...
configure:3496: $? = 0
configure:3485: gcc -V >&5
gcc: error: unrecognized command-line option '-V'
gcc: fatal error: no input files
compilation terminated.
configure:3496: $? = 1
configure:3485: gcc -qversion >&5
gcc: error: unrecognized command-line option '-qversion'; did you mean '--version'?
gcc: fatal error: no input files
compilation terminated.
configure:3496: $? = 1
configure:3485: gcc -version >&5
gcc: error: unrecognized command-line option '-version'
gcc: fatal error: no input files
compilation terminated.
configure:3496: $? = 1
configure:3516: checking whether the C compiler works
configure:3538: gcc    conftest.c  >&5
configure:3542: $? = 0
configure:3592: result: yes
configure:3595: checking for C compiler default output file name
configure:3597: result: a.out
configure:3603: checking for suffix of executables
configure:3610: gcc -o conftest    conftest.c  >&5
configure:3614: $? = 0
configure:3637: result: 
configure:3659: checking whether we are cross compiling
configure:3667: gcc -o conftest    conftest.c  >&5
configure:3671: $? = 0
configure:3678: ./conftest
configure:3682: $? = 0
configure:3697: result: no
configure:3702: checking for suffix of object files
configure:3725: gcc -c   conftest.c >&5
configure:3729: $? = 0
configure:3751: result: o
configure:3755: checking whether the compiler supports GNU C
configure:3775: gcc -c   conftest.c >&5
configure:3775: $? = 0
configure:3785: result: yes
configure:3796: checking whether gcc accepts -g
configure:3817: gcc -c -g  conftest.c >&5
configure:3817: $? = 0
configure:3861: result: yes
configure:3881: checking for gcc option to enable C11 features
configure:3896: gcc  -c -g -O2  conftest.c >&5
configure:3896: $? = 0
configure:3914: result: none needed
configure:4030: checking whether gcc understands -c and -o together
configure:4053: gcc -c conftest.c -o conftest2.o
configure:4056: $? = 0
configure:4053: gcc -c conftest.c -o conftest2.o
configure:4056: $? = 0
configure:4068: result: yes
configure:4088: checking whether make supports the include directive
configure:4103: make -f confmf.GNU && cat confinc.out
this is the am__doit target
configure:4106: $? = 0
configure:4125: result: yes (GNU style)
configure:4151: checking dependency style of gcc
configure:4263: result: gcc3
configure:4420: checking that generated files are newer than configure
configure:4426: result: done
configure:4457: creating ./config.status

## ---------------------- ##
## Running config.status. ##
## ---------------------- ##

This file was extended by MIL API Sample config.status 0.0.0, which was
generated by GNU Autoconf 2.71.  Invocation command line was

  CONFIG_FILES    = 
  CONFIG_HEADERS  = 
  CONFIG_LINKS    = 
  CONFIG_COMMANDS = 
  $ ./config.status 

on aim-aimpc

config.status:857: creating Makefile
config.status:857: creating src/Makefile
config.status:857: creating config.h
config.status:1086: executing depfiles commands
config.status:1163: cd src       && sed -e '/# am--include-marker/d' Makefile         | make -f - am--depfiles
config.status:1168: $? = 0

## ---------------- ##
## Cache variables. ##
## ---------------- ##

ac_cv_build=x86_64-pc-linux-gnu
ac_cv_c_compiler_gnu=yes
ac_cv_env_AIM_BSP_COMMON_set=set
ac_cv_env_AIM_BSP_COMMON_value=/home/aim/mil-std-1553-linux-bsp-15.3.0/src/AIM-BSP-Common
ac_cv_env_CC_set=
ac_cv_env_CC_value=
ac_cv_env_CFLAGS_set=
ac_cv_env_CFLAGS_value=
ac_cv_env_CPPFLAGS_set=
ac_cv_env_CPPFLAGS_value=
ac_cv_env_LDFLAGS_set=
ac_cv_env_LDFLAGS_value=
ac_cv_env_LIBS_set=
ac_cv_env_LIBS_value=
ac_cv_env_MIL_TSW_set=set
ac_cv_env_MIL_TSW_value=/home/aim/mil-std-1553-linux-bsp-15.3.0/src/tsw
ac_cv_env_XENOMAI_INCLUDES_set=
ac_cv_env_XENOMAI_INCLUDES_value=
ac_cv_env_XENOMAI_LIBS_set=
ac_cv_env_XENOMAI_LIBS_value=
ac_cv_env_build_alias_set=
ac_cv_env_build_alias_value=
ac_cv_env_host_alias_set=
ac_cv_env_host_alias_value=
ac_cv_env_target_alias_set=
ac_cv_env_target_alias_value=
ac_cv_host=x86_64-pc-linux-gnu
ac_cv_objext=o
ac_cv_path_install='/usr/bin/install -c'
ac_cv_path_mkdir=/usr/bin/mkdir
ac_cv_prog_AWK=mawk
ac_cv_prog_ac_ct_CC=gcc
ac_cv_prog_cc_c11=
ac_cv_prog_cc_g=yes
ac_cv_prog_cc_stdc=
ac_cv_prog_make_make_set=yes
ac_cv_target=x86_64-pc-linux-gnu
am_cv_CC_dependencies_compiler_type=gcc3
am_cv_make_support_nested_variables=yes
am_cv_prog_cc_c_o=yes

## ----------------- ##
## Output variables. ##
## ----------------- ##

ACLOCAL='${SHELL} '\''/home/aim/mil-std-1553-linux-bsp-15.3.0/src/library/sample/missing'\'' aclocal-1.16'
AIM_BSP_COMMON='/home/aim/mil-std-1553-linux-bsp-15.3.0/src/AIM-BSP-Common'
AIM_XENOMAI_FALSE=''
AIM_XENOMAI_TRUE='#'
AMDEPBACKSLASH='\'
AMDEP_FALSE='#'
AMDEP_TRUE=''
AMTAR='$${TAR-tar}'
AM_BACKSLASH='\'
AM_DEFAULT_V='$(AM_DEFAULT_VERBOSITY)'
AM_DEFAULT_VERBOSITY='1'
AM_V='$(V)'
AUTOCONF='${SHELL} '\''/home/aim/mil-std-1553-linux-bsp-15.3.0/src/library/sample/missing'\'' autoconf'
AUTOHEADER='${SHELL} '\''/home/aim/mil-std-1553-linux-bsp-15.3.0/src/library/sample/missing'\'' autoheader'
AUTOMAKE='${SHELL} '\''/home/aim/mil-std-1553-linux-bsp-15.3.0/src/library/sample/missing'\'' automake-1.16'
AWK='mawk'
CC='gcc'
CCDEPMODE='depmode=gcc3'
CFLAGS='-g -O2'
CPPFLAGS=''
CSCOPE='cscope'
CTAGS='ctags'
CYGPATH_W='echo'
DEFS='-DHAVE_CONFIG_H'
DEPDIR='.deps'
ECHO_C=''
ECHO_N='-n'
ECHO_T=''
ETAGS='etags'
EXEEXT=''
HS_FALSE=''
HS_TRUE='#'
INSTALL_DATA='${INSTALL} -m 644'
INSTALL_PROGRAM='${INSTALL}'
INSTALL_SCRIPT='${INSTALL}'
INSTALL_STRIP_PROGRAM='$(install_sh) -c -s'
LDFLAGS=''
LIBOBJS=''
LIBS=''
LTLIBOBJS=''
MAKEINFO='${SHELL} '\''/home/aim/mil-std-1553-linux-bsp-15.3.0/src/library/sample/missing'\'' makeinfo'
MIL_TSW='/home/aim/mil-std-1553-linux-bsp-15.3.0/src/tsw'
MKDIR_P='/usr/bin/mkdir -p'
OBJEXT='o'
PACKAGE='mil-api-sample'
PACKAGE_BUGREPORT='support@aim-online.com'
PACKAGE_NAME='MIL API Sample'
PACKAGE_STRING='MIL API Sample 0.0.0'
PACKAGE_TARNAME='mil-api-sample'
PACKAGE_URL=''
PACKAGE_VERSION='0.0.0'
PATH_SEPARATOR=':'
SET_MAKE=''
SHELL='/bin/bash'
STRIP=''
VERSION='0.0.0'
XENOMAI_INCLUDES=''
XENOMAI_LIBS=''
ac_ct_CC='gcc'
am__EXEEXT_FALSE=''
am__EXEEXT_TRUE='#'
am__fastdepCC_FALSE='#'
am__fastdepCC_TRUE=''
am__include='include'
am__isrc=''
am__leading_dot='.'
am__nodep='_no'
am__quote=''
am__tar='$${TAR-tar} chof - "$$tardir"'
am__untar='$${TAR-tar} xf -'
bindir='${exec_prefix}/bin'
build='x86_64-pc-linux-gnu'
build_alias=''
build_cpu='x86_64'
build_os='linux-gnu'
build_vendor='pc'
datadir='${datarootdir}'
datarootdir='${prefix}/share'
docdir='${datarootdir}/doc/${PACKAGE_TARNAME}'
dvidir='${docdir}'
exec_prefix='${prefix}'
host='x86_64-pc-linux-gnu'
host_alias=''
host_cpu='x86_64'
host_os='linux-gnu'
host_vendor='pc'
htmldir='${docdir}'
includedir='${prefix}/include'
infodir='${datarootdir}/info'
install_sh='${SHELL} /home/aim/mil-std-1553-linux-bsp-15.3.0/src/library/sample/install-sh'
libdir='${exec_prefix}/lib'
libexecdir='${exec_prefix}/libexec'
localedir='${datarootdir}/locale'
localstatedir='${prefix}/var'
mandir='${datarootdir}/man'
mkdir_p='$(MKDIR_P)'
oldincludedir='/usr/include'
pdfdir='${docdir}'
prefix='/usr/local'
program_transform_name='s,x,x,'
psdir='${docdir}'
runstatedir='${localstatedir}/run'
sbindir='${exec_prefix}/sbin'
sharedstatedir='${prefix}/com'
sysconfdir='${prefix}/etc'
target='x86_64-pc-linux-gnu'
target_alias=''
target_cpu='x86_64'
target_os='linux-gnu'
target_vendor='pc'

## ----------- ##
## confdefs.h. ##
## ----------- ##

/* confdefs.h */
#define PACKAGE_NAME "MIL API Sample"
#define PACKAGE_TARNAME "mil-api-sample"
#define PACKAGE_VERSION "0.0.0"
#define PACKAGE_STRING "MIL API Sample 0.0.0"
#define PACKAGE_BUGREPORT "support@aim-online.com"
#define PACKAGE_URL ""
#define PACKAGE "mil-api-sample"
#define VERSION "0.0.0"

configure: exit 0
