This file contains any messages produced by compilers while
running configure, to aid debugging if configure makes a mistake.

It was created by Smart configure 0.0.0, which was
generated by GNU Autoconf 2.71.  Invocation command line was

  $ ./configure --enable-mil --prefix=/

## --------- ##
## Platform. ##
## --------- ##

hostname = aim-aimpc
uname -m = x86_64
uname -r = 5.10.200-0510200-generic
uname -s = Linux
uname -v = #202502241507 SMP Mon Feb 24 15:48:00 UTC 2025

/usr/bin/uname -p = x86_64
/bin/uname -X     = unknown

/bin/arch              = x86_64
/usr/bin/arch -k       = unknown
/usr/convex/getsysinfo = unknown
/usr/bin/hostinfo      = unknown
/bin/machine           = unknown
/usr/bin/oslevel       = unknown
/bin/universe          = unknown

PATH: /usr/local/sbin/
PATH: /usr/local/bin/
PATH: /usr/sbin/
PATH: /usr/bin/
PATH: /sbin/
PATH: /bin/
PATH: /usr/games/
PATH: /usr/local/games/
PATH: /snap/bin/


## ----------- ##
## Core tests. ##
## ----------- ##

configure:2140: looking for aux files: compile missing install-sh
configure:2153:  trying ./
configure:2182:   ./compile found
configure:2182:   ./missing found
configure:2164:   ./install-sh found
configure:2311: checking for a BSD-compatible install
configure:2384: result: /usr/bin/install -c
configure:2395: checking whether build environment is sane
configure:2450: result: yes
configure:2609: checking for a race-free mkdir -p
configure:2653: result: /usr/bin/mkdir -p
configure:2660: checking for gawk
configure:2695: result: no
configure:2660: checking for mawk
configure:2681: found /usr/bin/mawk
configure:2692: result: mawk
configure:2703: checking whether make sets $(MAKE)
configure:2726: result: yes
configure:2756: checking whether make supports nested variables
configure:2774: result: yes
configure:2976: checking for gcc
configure:2997: found /usr/bin/gcc
configure:3008: result: gcc
configure:3361: checking for C compiler version
configure:3370: gcc --version >&5
gcc (Ubuntu 13.3.0-6ubuntu2~24.04) 13.3.0
Copyright (C) 2023 Free Software Foundation, Inc.
This is free software; see the source for copying conditions.  There is NO
warranty; not even for MERCHANTABILITY or FITNESS FOR A PARTICULAR PURPOSE.

configure:3381: $? = 0
configure:3370: gcc -v >&5
Using built-in specs.
COLLECT_GCC=gcc
COLLECT_LTO_WRAPPER=/usr/libexec/gcc/x86_64-linux-gnu/13/lto-wrapper
OFFLOAD_TARGET_NAMES=nvptx-none:amdgcn-amdhsa
OFFLOAD_TARGET_DEFAULT=1
Target: x86_64-linux-gnu
Configured with: ../src/configure -v --with-pkgversion='Ubuntu 13.3.0-6ubuntu2~24.04' --with-bugurl=file:///usr/share/doc/gcc-13/README.Bugs --enable-languages=c,ada,c++,go,d,fortran,objc,obj-c++,m2 --prefix=/usr --with-gcc-major-version-only --program-suffix=-13 --program-prefix=x86_64-linux-gnu- --enable-shared --enable-linker-build-id --libexecdir=/usr/libexec --without-included-gettext --enable-threads=posix --libdir=/usr/lib --enable-nls --enable-bootstrap --enable-clocale=gnu --enable-libstdcxx-debug --enable-libstdcxx-time=yes --with-default-libstdcxx-abi=new --enable-libstdcxx-backtrace --enable-gnu-unique-object --disable-vtable-verify --enable-plugin --enable-default-pie --with-system-zlib --enable-libphobos-checking=release --with-target-system-zlib=auto --enable-objc-gc=auto --enable-multiarch --disable-werror --enable-cet --with-arch-32=i686 --with-abi=m64 --with-multilib-list=m32,m64,mx32 --enable-multilib --with-tune=generic --enable-offload-targets=nvptx-none=/build/gcc-13-fG75Ri/gcc-13-13.3.0/debian/tmp-nvptx/usr,amdgcn-amdhsa=/build/gcc-13-fG75Ri/gcc-13-13.3.0/debian/tmp-gcn/usr --enable-offload-defaulted --without-cuda-driver --enable-checking=release --build=x86_64-linux-gnu --host=x86_64-linux-gnu --target=x86_64-linux-gnu --with-build-config=bootstrap-lto-lean --enable-link-serialization=2
Thread model: posix
Supported LTO compression algorithms: zlib zstd
gcc version 13.3.0 (Ubuntu 13.3.0-6ubuntu2~24.04) 
... rest of stderr output deleted ...
configure:3381: $? = 0
configure:3370: gcc -V >&5
gcc: error: unrecognized command-line option '-V'
gcc: fatal error: no input files
compilation terminated.
configure:3381: $? = 1
configure:3370: gcc -qversion >&5
gcc: error: unrecognized command-line option '-qversion'; did you mean '--version'?
gcc: fatal error: no input files
compilation terminated.
configure:3381: $? = 1
configure:3370: gcc -version >&5
gcc: error: unrecognized command-line option '-version'
gcc: fatal error: no input files
compilation terminated.
configure:3381: $? = 1
configure:3401: checking whether the C compiler works
configure:3423: gcc    conftest.c  >&5
configure:3427: $? = 0
configure:3477: result: yes
configure:3480: checking for C compiler default output file name
configure:3482: result: a.out
configure:3488: checking for suffix of executables
configure:3495: gcc -o conftest    conftest.c  >&5
configure:3499: $? = 0
configure:3522: result: 
configure:3544: checking whether we are cross compiling
configure:3552: gcc -o conftest    conftest.c  >&5
configure:3556: $? = 0
configure:3563: ./conftest
configure:3567: $? = 0
configure:3582: result: no
configure:3587: checking for suffix of object files
configure:3610: gcc -c   conftest.c >&5
configure:3614: $? = 0
configure:3636: result: o
configure:3640: checking whether the compiler supports GNU C
configure:3660: gcc -c   conftest.c >&5
configure:3660: $? = 0
configure:3670: result: yes
configure:3681: checking whether gcc accepts -g
configure:3702: gcc -c -g  conftest.c >&5
configure:3702: $? = 0
configure:3746: result: yes
configure:3766: checking for gcc option to enable C11 features
configure:3781: gcc  -c -g -O2  conftest.c >&5
configure:3781: $? = 0
configure:3799: result: none needed
configure:3915: checking whether gcc understands -c and -o together
configure:3938: gcc -c conftest.c -o conftest2.o
configure:3941: $? = 0
configure:3938: gcc -c conftest.c -o conftest2.o
configure:3941: $? = 0
configure:3953: result: yes
configure:3973: checking whether make supports the include directive
configure:3988: make -f confmf.GNU && cat confinc.out
this is the am__doit target
configure:3991: $? = 0
configure:4010: result: yes (GNU style)
configure:4036: checking dependency style of gcc
configure:4148: result: gcc3
configure:4211: checking for ranlib
configure:4232: found /usr/bin/ranlib
configure:4243: result: ranlib
configure:4459: checking that generated files are newer than configure
configure:4465: result: done
configure:4508: creating ./config.status

## ---------------------- ##
## Running config.status. ##
## ---------------------- ##

This file was extended by Smart config.status 0.0.0, which was
generated by GNU Autoconf 2.71.  Invocation command line was

  CONFIG_FILES    = 
  CONFIG_HEADERS  = 
  CONFIG_LINKS    = 
  CONFIG_COMMANDS = 
  $ ./config.status 

on aim-aimpc

config.status:858: creating Makefile
config.status:858: creating SmartLib/Makefile
config.status:858: creating SmartLib/src/Makefile
config.status:858: creating SmartCon/Makefile
config.status:858: creating SmartCon/src/Makefile
config.status:858: creating config.h
config.status:1087: executing depfiles commands
config.status:1164: cd SmartLib/src       && sed -e '/# am--include-marker/d' Makefile         | make -f - am--depfiles
config.status:1169: $? = 0
config.status:1164: cd SmartCon/src       && sed -e '/# am--include-marker/d' Makefile         | make -f - am--depfiles
config.status:1169: $? = 0

## ---------------- ##
## Cache variables. ##
## ---------------- ##

ac_cv_c_compiler_gnu=yes
ac_cv_env_AIM485_AH_set=
ac_cv_env_AIM485_AH_value=
ac_cv_env_AIM485_set=
ac_cv_env_AIM485_value=
ac_cv_env_AIM_BSP_COMMON_set=set
ac_cv_env_AIM_BSP_COMMON_value=/home/aim/mil-std-1553-linux-bsp-15.3.0/src/AIM-BSP-Common
ac_cv_env_CC_set=
ac_cv_env_CC_value=
ac_cv_env_CFLAGS_set=
ac_cv_env_CFLAGS_value=
ac_cv_env_CIV_API_set=
ac_cv_env_CIV_API_value=
ac_cv_env_CIV_TSW_set=
ac_cv_env_CIV_TSW_value=
ac_cv_env_CPPFLAGS_set=
ac_cv_env_CPPFLAGS_value=
ac_cv_env_LDFLAGS_set=
ac_cv_env_LDFLAGS_value=
ac_cv_env_LIBS_set=
ac_cv_env_LIBS_value=
ac_cv_env_MIL_API_set=set
ac_cv_env_MIL_API_value=/home/aim/mil-std-1553-linux-bsp-15.3.0/src/library
ac_cv_env_MIL_TSW_set=set
ac_cv_env_MIL_TSW_value=/home/aim/mil-std-1553-linux-bsp-15.3.0/src/tsw
ac_cv_env_build_alias_set=
ac_cv_env_build_alias_value=
ac_cv_env_host_alias_set=
ac_cv_env_host_alias_value=
ac_cv_env_target_alias_set=
ac_cv_env_target_alias_value=
ac_cv_objext=o
ac_cv_path_install='/usr/bin/install -c'
ac_cv_path_mkdir=/usr/bin/mkdir
ac_cv_prog_AWK=mawk
ac_cv_prog_ac_ct_CC=gcc
ac_cv_prog_ac_ct_RANLIB=ranlib
ac_cv_prog_cc_c11=
ac_cv_prog_cc_g=yes
ac_cv_prog_cc_stdc=
ac_cv_prog_make_make_set=yes
am_cv_CC_dependencies_compiler_type=gcc3
am_cv_make_support_nested_variables=yes
am_cv_prog_cc_c_o=yes

## ----------------- ##
## Output variables. ##
## ----------------- ##

ACLOCAL='${SHELL} '\''/home/aim/mil-std-1553-linux-bsp-15.3.0/src/Smart/missing'\'' aclocal-1.16'
AIM485=''
AIM485_AH=''
AIM_BSP_COMMON='/home/aim/mil-std-1553-linux-bsp-15.3.0/src/AIM-BSP-Common'
AMDEPBACKSLASH='\'
AMDEP_FALSE='#'
AMDEP_TRUE=''
AMTAR='$${TAR-tar}'
AM_BACKSLASH='\'
AM_DEFAULT_V='$(AM_DEFAULT_VERBOSITY)'
AM_DEFAULT_VERBOSITY='1'
AM_V='$(V)'
AUTOCONF='${SHELL} '\''/home/aim/mil-std-1553-linux-bsp-15.3.0/src/Smart/missing'\'' autoconf'
AUTOHEADER='${SHELL} '\''/home/aim/mil-std-1553-linux-bsp-15.3.0/src/Smart/missing'\'' autoheader'
AUTOMAKE='${SHELL} '\''/home/aim/mil-std-1553-linux-bsp-15.3.0/src/Smart/missing'\'' automake-1.16'
AWK='mawk'
CC='gcc'
CCDEPMODE='depmode=gcc3'
CFLAGS='-g -O2'
CIV_API=''
CIV_FALSE=''
CIV_TRUE='#'
CIV_TSW=''
CMRB_FALSE=''
CMRB_TRUE='#'
CPPFLAGS=''
CSCOPE='cscope'
CTAGS='ctags'
CYGPATH_W='echo'
DEFS='-DHAVE_CONFIG_H'
DEPDIR='.deps'
ECHO_C=''
ECHO_N='-n'
ECHO_T=''
ETAGS='etags'
EXEEXT=''
INSTALL_DATA='${INSTALL} -m 644'
INSTALL_PROGRAM='${INSTALL}'
INSTALL_SCRIPT='${INSTALL}'
INSTALL_STRIP_PROGRAM='$(install_sh) -c -s'
LDFLAGS=''
LIBOBJS=''
LIBS=''
LTLIBOBJS=''
MAKEINFO='${SHELL} '\''/home/aim/mil-std-1553-linux-bsp-15.3.0/src/Smart/missing'\'' makeinfo'
MIL_API='/home/aim/mil-std-1553-linux-bsp-15.3.0/src/library'
MIL_FALSE='#'
MIL_TRUE=''
MIL_TSW='/home/aim/mil-std-1553-linux-bsp-15.3.0/src/tsw'
MKDIR_P='/usr/bin/mkdir -p'
OBJEXT='o'
PACKAGE='smart'
PACKAGE_BUGREPORT='support@aim-online.com'
PACKAGE_NAME='Smart'
PACKAGE_STRING='Smart 0.0.0'
PACKAGE_TARNAME='smart'
PACKAGE_URL=''
PACKAGE_VERSION='0.0.0'
PATH_SEPARATOR=':'
RANLIB='ranlib'
RS485_AH_FALSE=''
RS485_AH_TRUE='#'
RS485_FALSE=''
RS485_TRUE='#'
SET_MAKE=''
SHELL='/bin/bash'
STRIP=''
VERSION='0.0.0'
ac_ct_CC='gcc'
am__EXEEXT_FALSE=''
am__EXEEXT_TRUE='#'
am__fastdepCC_FALSE='#'
am__fastdepCC_TRUE=''
am__include='include'
am__isrc=''
am__leading_dot='.'
am__nodep='_no'
am__quote=''
am__tar='$${TAR-tar} chof - "$$tardir"'
am__untar='$${TAR-tar} xf -'
bindir='${exec_prefix}/bin'
build_alias=''
datadir='${datarootdir}'
datarootdir='${prefix}/share'
docdir='${datarootdir}/doc/${PACKAGE_TARNAME}'
dvidir='${docdir}'
exec_prefix='${prefix}'
host_alias=''
htmldir='${docdir}'
includedir='${prefix}/include'
infodir='${datarootdir}/info'
install_sh='${SHELL} /home/aim/mil-std-1553-linux-bsp-15.3.0/src/Smart/install-sh'
libdir='${exec_prefix}/lib'
libexecdir='${exec_prefix}/libexec'
localedir='${datarootdir}/locale'
localstatedir='${prefix}/var'
mandir='${datarootdir}/man'
mkdir_p='$(MKDIR_P)'
oldincludedir='/usr/include'
pdfdir='${docdir}'
prefix='/'
program_transform_name='s,x,x,'
psdir='${docdir}'
runstatedir='${localstatedir}/run'
sbindir='${exec_prefix}/sbin'
sharedstatedir='${prefix}/com'
sysconfdir='${prefix}/etc'
target_alias=''

## ----------- ##
## confdefs.h. ##
## ----------- ##

/* confdefs.h */
#define PACKAGE_NAME "Smart"
#define PACKAGE_TARNAME "smart"
#define PACKAGE_VERSION "0.0.0"
#define PACKAGE_STRING "Smart 0.0.0"
#define PACKAGE_BUGREPORT "support@aim-online.com"
#define PACKAGE_URL ""
#define PACKAGE "smart"
#define VERSION "0.0.0"

configure: exit 0
