This file contains any messages produced by compilers while
running configure, to aid debugging if configure makes a mistake.

It was created by ANS-Common configure 1.0, which was
generated by GNU Autoconf 2.71.  Invocation command line was

  $ ./configure

## --------- ##
## Platform. ##
## --------- ##

hostname = aim-aimpc
uname -m = x86_64
uname -r = 5.10.200-0510200-generic
uname -s = Linux
uname -v = #202502241507 SMP Mon Feb 24 15:48:00 UTC 2025

/usr/bin/uname -p = x86_64
/bin/uname -X     = unknown

/bin/arch              = x86_64
/usr/bin/arch -k       = unknown
/usr/convex/getsysinfo = unknown
/usr/bin/hostinfo      = unknown
/bin/machine           = unknown
/usr/bin/oslevel       = unknown
/bin/universe          = unknown

PATH: /usr/local/sbin/
PATH: /usr/local/bin/
PATH: /usr/sbin/
PATH: /usr/bin/
PATH: /sbin/
PATH: /bin/
PATH: /usr/games/
PATH: /usr/local/games/
PATH: /snap/bin/


## ----------- ##
## Core tests. ##
## ----------- ##

configure:2119: looking for aux files: compile missing install-sh config.guess config.sub
configure:2132:  trying ./
configure:2161:   ./compile found
configure:2161:   ./missing found
configure:2143:   ./install-sh found
configure:2161:   ./config.guess found
configure:2161:   ./config.sub found
configure:2281: checking build system type
configure:2296: result: x86_64-pc-linux-gnu
configure:2316: checking host system type
configure:2330: result: x86_64-pc-linux-gnu
configure:2350: checking target system type
configure:2364: result: x86_64-pc-linux-gnu
configure:2412: checking for a BSD-compatible install
configure:2485: result: /usr/bin/install -c
configure:2496: checking whether build environment is sane
configure:2551: result: yes
configure:2710: checking for a race-free mkdir -p
configure:2754: result: /usr/bin/mkdir -p
configure:2761: checking for gawk
configure:2796: result: no
configure:2761: checking for mawk
configure:2782: found /usr/bin/mawk
configure:2793: result: mawk
configure:2804: checking whether make sets $(MAKE)
configure:2827: result: yes
configure:2857: checking whether make supports nested variables
configure:2875: result: yes
configure:3074: checking for gcc
configure:3095: found /usr/bin/gcc
configure:3106: result: gcc
configure:3459: checking for C compiler version
configure:3468: gcc --version >&5
gcc (Ubuntu 13.3.0-6ubuntu2~24.04) 13.3.0
Copyright (C) 2023 Free Software Foundation, Inc.
This is free software; see the source for copying conditions.  There is NO
warranty; not even for MERCHANTABILITY or FITNESS FOR A PARTICULAR PURPOSE.

configure:3479: $? = 0
configure:3468: gcc -v >&5
Using built-in specs.
COLLECT_GCC=gcc
COLLECT_LTO_WRAPPER=/usr/libexec/gcc/x86_64-linux-gnu/13/lto-wrapper
OFFLOAD_TARGET_NAMES=nvptx-none:amdgcn-amdhsa
OFFLOAD_TARGET_DEFAULT=1
Target: x86_64-linux-gnu
Configured with: ../src/configure -v --with-pkgversion='Ubuntu 13.3.0-6ubuntu2~24.04' --with-bugurl=file:///usr/share/doc/gcc-13/README.Bugs --enable-languages=c,ada,c++,go,d,fortran,objc,obj-c++,m2 --prefix=/usr --with-gcc-major-version-only --program-suffix=-13 --program-prefix=x86_64-linux-gnu- --enable-shared --enable-linker-build-id --libexecdir=/usr/libexec --without-included-gettext --enable-threads=posix --libdir=/usr/lib --enable-nls --enable-bootstrap --enable-clocale=gnu --enable-libstdcxx-debug --enable-libstdcxx-time=yes --with-default-libstdcxx-abi=new --enable-libstdcxx-backtrace --enable-gnu-unique-object --disable-vtable-verify --enable-plugin --enable-default-pie --with-system-zlib --enable-libphobos-checking=release --with-target-system-zlib=auto --enable-objc-gc=auto --enable-multiarch --disable-werror --enable-cet --with-arch-32=i686 --with-abi=m64 --with-multilib-list=m32,m64,mx32 --enable-multilib --with-tune=generic --enable-offload-targets=nvptx-none=/build/gcc-13-fG75Ri/gcc-13-13.3.0/debian/tmp-nvptx/usr,amdgcn-amdhsa=/build/gcc-13-fG75Ri/gcc-13-13.3.0/debian/tmp-gcn/usr --enable-offload-defaulted --without-cuda-driver --enable-checking=release --build=x86_64-linux-gnu --host=x86_64-linux-gnu --target=x86_64-linux-gnu --with-build-config=bootstrap-lto-lean --enable-link-serialization=2
Thread model: posix
Supported LTO compression algorithms: zlib zstd
gcc version 13.3.0 (Ubuntu 13.3.0-6ubuntu2~24.04) 
... rest of stderr output deleted ...
configure:3479: $? = 0
configure:3468: gcc -V >&5
gcc: error: unrecognized command-line option '-V'
gcc: fatal error: no input files
compilation terminated.
configure:3479: $? = 1
configure:3468: gcc -qversion >&5
gcc: error: unrecognized command-line option '-qversion'; did you mean '--version'?
gcc: fatal error: no input files
compilation terminated.
configure:3479: $? = 1
configure:3468: gcc -version >&5
gcc: error: unrecognized command-line option '-version'
gcc: fatal error: no input files
compilation terminated.
configure:3479: $? = 1
configure:3499: checking whether the C compiler works
configure:3521: gcc    conftest.c  >&5
configure:3525: $? = 0
configure:3575: result: yes
configure:3578: checking for C compiler default output file name
configure:3580: result: a.out
configure:3586: checking for suffix of executables
configure:3593: gcc -o conftest    conftest.c  >&5
configure:3597: $? = 0
configure:3620: result: 
configure:3642: checking whether we are cross compiling
configure:3650: gcc -o conftest    conftest.c  >&5
configure:3654: $? = 0
configure:3661: ./conftest
configure:3665: $? = 0
configure:3680: result: no
configure:3685: checking for suffix of object files
configure:3708: gcc -c   conftest.c >&5
configure:3712: $? = 0
configure:3734: result: o
configure:3738: checking whether the compiler supports GNU C
configure:3758: gcc -c   conftest.c >&5
configure:3758: $? = 0
configure:3768: result: yes
configure:3779: checking whether gcc accepts -g
configure:3800: gcc -c -g  conftest.c >&5
configure:3800: $? = 0
configure:3844: result: yes
configure:3864: checking for gcc option to enable C11 features
configure:3879: gcc  -c -g -O2  conftest.c >&5
configure:3879: $? = 0
configure:3897: result: none needed
configure:4013: checking whether gcc understands -c and -o together
configure:4036: gcc -c conftest.c -o conftest2.o
configure:4039: $? = 0
configure:4036: gcc -c conftest.c -o conftest2.o
configure:4039: $? = 0
configure:4051: result: yes
configure:4071: checking whether make supports the include directive
configure:4086: make -f confmf.GNU && cat confinc.out
this is the am__doit target
configure:4089: $? = 0
configure:4108: result: yes (GNU style)
configure:4134: checking dependency style of gcc
configure:4246: result: gcc3
configure:4309: checking for ranlib
configure:4330: found /usr/bin/ranlib
configure:4341: result: ranlib
configure:4472: checking that generated files are newer than configure
configure:4478: result: done
configure:4501: creating ./config.status

## ---------------------- ##
## Running config.status. ##
## ---------------------- ##

This file was extended by ANS-Common config.status 1.0, which was
generated by GNU Autoconf 2.71.  Invocation command line was

  CONFIG_FILES    = 
  CONFIG_HEADERS  = 
  CONFIG_LINKS    = 
  CONFIG_COMMANDS = 
  $ ./config.status 

on aim-aimpc

config.status:851: creating Makefile
config.status:851: creating src/Makefile
config.status:851: creating config.h
config.status:1080: executing depfiles commands
config.status:1157: cd src       && sed -e '/# am--include-marker/d' Makefile         | make -f - am--depfiles
config.status:1162: $? = 0

## ---------------- ##
## Cache variables. ##
## ---------------- ##

ac_cv_build=x86_64-pc-linux-gnu
ac_cv_c_compiler_gnu=yes
ac_cv_env_AIM_BSP_COMMON_set=set
ac_cv_env_AIM_BSP_COMMON_value=/home/aim/mil-std-1553-linux-bsp-15.3.0/src/AIM-BSP-Common
ac_cv_env_CC_set=
ac_cv_env_CC_value=
ac_cv_env_CFLAGS_set=
ac_cv_env_CFLAGS_value=
ac_cv_env_CPPFLAGS_set=
ac_cv_env_CPPFLAGS_value=
ac_cv_env_LDFLAGS_set=
ac_cv_env_LDFLAGS_value=
ac_cv_env_LIBS_set=
ac_cv_env_LIBS_value=
ac_cv_env_build_alias_set=
ac_cv_env_build_alias_value=
ac_cv_env_host_alias_set=
ac_cv_env_host_alias_value=
ac_cv_env_target_alias_set=
ac_cv_env_target_alias_value=
ac_cv_host=x86_64-pc-linux-gnu
ac_cv_objext=o
ac_cv_path_install='/usr/bin/install -c'
ac_cv_path_mkdir=/usr/bin/mkdir
ac_cv_prog_AWK=mawk
ac_cv_prog_ac_ct_CC=gcc
ac_cv_prog_ac_ct_RANLIB=ranlib
ac_cv_prog_cc_c11=
ac_cv_prog_cc_g=yes
ac_cv_prog_cc_stdc=
ac_cv_prog_make_make_set=yes
ac_cv_target=x86_64-pc-linux-gnu
am_cv_CC_dependencies_compiler_type=gcc3
am_cv_make_support_nested_variables=yes
am_cv_prog_cc_c_o=yes

## ----------------- ##
## Output variables. ##
## ----------------- ##

ACLOCAL='${SHELL} '\''/home/aim/mil-std-1553-linux-bsp-15.3.0/src/ANS-Common/missing'\'' aclocal-1.16'
AIM_BSP_COMMON='/home/aim/mil-std-1553-linux-bsp-15.3.0/src/AIM-BSP-Common'
AMDEPBACKSLASH='\'
AMDEP_FALSE='#'
AMDEP_TRUE=''
AMTAR='$${TAR-tar}'
AM_BACKSLASH='\'
AM_DEFAULT_V='$(AM_DEFAULT_VERBOSITY)'
AM_DEFAULT_VERBOSITY='1'
AM_V='$(V)'
AUTOCONF='${SHELL} '\''/home/aim/mil-std-1553-linux-bsp-15.3.0/src/ANS-Common/missing'\'' autoconf'
AUTOHEADER='${SHELL} '\''/home/aim/mil-std-1553-linux-bsp-15.3.0/src/ANS-Common/missing'\'' autoheader'
AUTOMAKE='${SHELL} '\''/home/aim/mil-std-1553-linux-bsp-15.3.0/src/ANS-Common/missing'\'' automake-1.16'
AWK='mawk'
CC='gcc'
CCDEPMODE='depmode=gcc3'
CFLAGS='-g -O2'
CPPFLAGS=''
CSCOPE='cscope'
CTAGS='ctags'
CYGPATH_W='echo'
DEFS='-DHAVE_CONFIG_H'
DEPDIR='.deps'
ECHO_C=''
ECHO_N='-n'
ECHO_T=''
ETAGS='etags'
EXEEXT=''
INSTALL_DATA='${INSTALL} -m 644'
INSTALL_PROGRAM='${INSTALL}'
INSTALL_SCRIPT='${INSTALL}'
INSTALL_STRIP_PROGRAM='$(install_sh) -c -s'
LDFLAGS=''
LIBOBJS=''
LIBS=''
LTLIBOBJS=''
MAKEINFO='${SHELL} '\''/home/aim/mil-std-1553-linux-bsp-15.3.0/src/ANS-Common/missing'\'' makeinfo'
MKDIR_P='/usr/bin/mkdir -p'
OBJEXT='o'
PACKAGE='ans-common'
PACKAGE_BUGREPORT='support@aim-online.com'
PACKAGE_NAME='ANS-Common'
PACKAGE_STRING='ANS-Common 1.0'
PACKAGE_TARNAME='ans-common'
PACKAGE_URL=''
PACKAGE_VERSION='1.0'
PATH_SEPARATOR=':'
RANLIB='ranlib'
SET_MAKE=''
SHELL='/bin/bash'
STRIP=''
VERSION='1.0'
ac_ct_CC='gcc'
am__EXEEXT_FALSE=''
am__EXEEXT_TRUE='#'
am__fastdepCC_FALSE='#'
am__fastdepCC_TRUE=''
am__include='include'
am__isrc=''
am__leading_dot='.'
am__nodep='_no'
am__quote=''
am__tar='$${TAR-tar} chof - "$$tardir"'
am__untar='$${TAR-tar} xf -'
bindir='${exec_prefix}/bin'
build='x86_64-pc-linux-gnu'
build_alias=''
build_cpu='x86_64'
build_os='linux-gnu'
build_vendor='pc'
datadir='${datarootdir}'
datarootdir='${prefix}/share'
docdir='${datarootdir}/doc/${PACKAGE_TARNAME}'
dvidir='${docdir}'
exec_prefix='${prefix}'
host='x86_64-pc-linux-gnu'
host_alias=''
host_cpu='x86_64'
host_os='linux-gnu'
host_vendor='pc'
htmldir='${docdir}'
includedir='${prefix}/include'
infodir='${datarootdir}/info'
install_sh='${SHELL} /home/aim/mil-std-1553-linux-bsp-15.3.0/src/ANS-Common/install-sh'
libdir='${exec_prefix}/lib'
libexecdir='${exec_prefix}/libexec'
localedir='${datarootdir}/locale'
localstatedir='${prefix}/var'
mandir='${datarootdir}/man'
mkdir_p='$(MKDIR_P)'
oldincludedir='/usr/include'
pdfdir='${docdir}'
prefix='/usr/local'
program_transform_name='s,x,x,'
psdir='${docdir}'
runstatedir='${localstatedir}/run'
sbindir='${exec_prefix}/sbin'
sharedstatedir='${prefix}/com'
sysconfdir='${prefix}/etc'
target='x86_64-pc-linux-gnu'
target_alias=''
target_cpu='x86_64'
target_os='linux-gnu'
target_vendor='pc'

## ----------- ##
## confdefs.h. ##
## ----------- ##

/* confdefs.h */
#define PACKAGE_NAME "ANS-Common"
#define PACKAGE_TARNAME "ans-common"
#define PACKAGE_VERSION "1.0"
#define PACKAGE_STRING "ANS-Common 1.0"
#define PACKAGE_BUGREPORT "support@aim-online.com"
#define PACKAGE_URL ""
#define PACKAGE "ans-common"
#define VERSION "1.0"

configure: exit 0
