This file contains any messages produced by compilers while
running configure, to aid debugging if configure makes a mistake.

It was created by ANS1553 configure 0.9, which was
generated by GNU Autoconf 2.71.  Invocation command line was

  $ ./configure --prefix=/usr/local CPPFLAGS=-I/home/aim/mil-std-1553-linux-bsp-15.3.0/src/library/include LDFLAGS=-L/home/aim/mil-std-1553-linux-bsp-15.3.0/src/library/src/.libs

## --------- ##
## Platform. ##
## --------- ##

hostname = aim-aimpc
uname -m = x86_64
uname -r = 5.10.200-0510200-generic
uname -s = Linux
uname -v = #202502241507 SMP Mon Feb 24 15:48:00 UTC 2025

/usr/bin/uname -p = x86_64
/bin/uname -X     = unknown

/bin/arch              = x86_64
/usr/bin/arch -k       = unknown
/usr/convex/getsysinfo = unknown
/usr/bin/hostinfo      = unknown
/bin/machine           = unknown
/usr/bin/oslevel       = unknown
/bin/universe          = unknown

PATH: /usr/local/sbin/
PATH: /usr/local/bin/
PATH: /usr/sbin/
PATH: /usr/bin/
PATH: /sbin/
PATH: /bin/
PATH: /usr/games/
PATH: /usr/local/games/
PATH: /snap/bin/


## ----------- ##
## Core tests. ##
## ----------- ##

configure:2273: looking for aux files: compile missing install-sh config.guess config.sub
configure:2286:  trying ./
configure:2315:   ./compile found
configure:2315:   ./missing found
configure:2297:   ./install-sh found
configure:2315:   ./config.guess found
configure:2315:   ./config.sub found
configure:2435: checking build system type
configure:2450: result: x86_64-pc-linux-gnu
configure:2470: checking host system type
configure:2484: result: x86_64-pc-linux-gnu
configure:2504: checking target system type
configure:2518: result: x86_64-pc-linux-gnu
configure:2562: checking for a BSD-compatible install
configure:2635: result: /usr/bin/install -c
configure:2646: checking whether build environment is sane
configure:2701: result: yes
configure:2860: checking for a race-free mkdir -p
configure:2904: result: /usr/bin/mkdir -p
configure:2911: checking for gawk
configure:2946: result: no
configure:2911: checking for mawk
configure:2932: found /usr/bin/mawk
configure:2943: result: mawk
configure:2954: checking whether make sets $(MAKE)
configure:2977: result: yes
configure:3007: checking whether make supports nested variables
configure:3025: result: yes
configure:3227: checking for gcc
configure:3248: found /usr/bin/gcc
configure:3259: result: gcc
configure:3612: checking for C compiler version
configure:3621: gcc --version >&5
gcc (Ubuntu 13.3.0-6ubuntu2~24.04) 13.3.0
Copyright (C) 2023 Free Software Foundation, Inc.
This is free software; see the source for copying conditions.  There is NO
warranty; not even for MERCHANTABILITY or FITNESS FOR A PARTICULAR PURPOSE.

configure:3632: $? = 0
configure:3621: gcc -v >&5
Using built-in specs.
COLLECT_GCC=gcc
COLLECT_LTO_WRAPPER=/usr/libexec/gcc/x86_64-linux-gnu/13/lto-wrapper
OFFLOAD_TARGET_NAMES=nvptx-none:amdgcn-amdhsa
OFFLOAD_TARGET_DEFAULT=1
Target: x86_64-linux-gnu
Configured with: ../src/configure -v --with-pkgversion='Ubuntu 13.3.0-6ubuntu2~24.04' --with-bugurl=file:///usr/share/doc/gcc-13/README.Bugs --enable-languages=c,ada,c++,go,d,fortran,objc,obj-c++,m2 --prefix=/usr --with-gcc-major-version-only --program-suffix=-13 --program-prefix=x86_64-linux-gnu- --enable-shared --enable-linker-build-id --libexecdir=/usr/libexec --without-included-gettext --enable-threads=posix --libdir=/usr/lib --enable-nls --enable-bootstrap --enable-clocale=gnu --enable-libstdcxx-debug --enable-libstdcxx-time=yes --with-default-libstdcxx-abi=new --enable-libstdcxx-backtrace --enable-gnu-unique-object --disable-vtable-verify --enable-plugin --enable-default-pie --with-system-zlib --enable-libphobos-checking=release --with-target-system-zlib=auto --enable-objc-gc=auto --enable-multiarch --disable-werror --enable-cet --with-arch-32=i686 --with-abi=m64 --with-multilib-list=m32,m64,mx32 --enable-multilib --with-tune=generic --enable-offload-targets=nvptx-none=/build/gcc-13-fG75Ri/gcc-13-13.3.0/debian/tmp-nvptx/usr,amdgcn-amdhsa=/build/gcc-13-fG75Ri/gcc-13-13.3.0/debian/tmp-gcn/usr --enable-offload-defaulted --without-cuda-driver --enable-checking=release --build=x86_64-linux-gnu --host=x86_64-linux-gnu --target=x86_64-linux-gnu --with-build-config=bootstrap-lto-lean --enable-link-serialization=2
Thread model: posix
Supported LTO compression algorithms: zlib zstd
gcc version 13.3.0 (Ubuntu 13.3.0-6ubuntu2~24.04) 
... rest of stderr output deleted ...
configure:3632: $? = 0
configure:3621: gcc -V >&5
gcc: error: unrecognized command-line option '-V'
gcc: fatal error: no input files
compilation terminated.
configure:3632: $? = 1
configure:3621: gcc -qversion >&5
gcc: error: unrecognized command-line option '-qversion'; did you mean '--version'?
gcc: fatal error: no input files
compilation terminated.
configure:3632: $? = 1
configure:3621: gcc -version >&5
gcc: error: unrecognized command-line option '-version'
gcc: fatal error: no input files
compilation terminated.
configure:3632: $? = 1
configure:3652: checking whether the C compiler works
configure:3674: gcc  -I/home/aim/mil-std-1553-linux-bsp-15.3.0/src/library/include -L/home/aim/mil-std-1553-linux-bsp-15.3.0/src/library/src/.libs conftest.c  >&5
configure:3678: $? = 0
configure:3728: result: yes
configure:3731: checking for C compiler default output file name
configure:3733: result: a.out
configure:3739: checking for suffix of executables
configure:3746: gcc -o conftest  -I/home/aim/mil-std-1553-linux-bsp-15.3.0/src/library/include -L/home/aim/mil-std-1553-linux-bsp-15.3.0/src/library/src/.libs conftest.c  >&5
configure:3750: $? = 0
configure:3773: result: 
configure:3795: checking whether we are cross compiling
configure:3803: gcc -o conftest  -I/home/aim/mil-std-1553-linux-bsp-15.3.0/src/library/include -L/home/aim/mil-std-1553-linux-bsp-15.3.0/src/library/src/.libs conftest.c  >&5
configure:3807: $? = 0
configure:3814: ./conftest
configure:3818: $? = 0
configure:3833: result: no
configure:3838: checking for suffix of object files
configure:3861: gcc -c  -I/home/aim/mil-std-1553-linux-bsp-15.3.0/src/library/include conftest.c >&5
configure:3865: $? = 0
configure:3887: result: o
configure:3891: checking whether the compiler supports GNU C
configure:3911: gcc -c  -I/home/aim/mil-std-1553-linux-bsp-15.3.0/src/library/include conftest.c >&5
configure:3911: $? = 0
configure:3921: result: yes
configure:3932: checking whether gcc accepts -g
configure:3953: gcc -c -g -I/home/aim/mil-std-1553-linux-bsp-15.3.0/src/library/include conftest.c >&5
configure:3953: $? = 0
configure:3997: result: yes
configure:4017: checking for gcc option to enable C11 features
configure:4032: gcc  -c -g -O2 -I/home/aim/mil-std-1553-linux-bsp-15.3.0/src/library/include conftest.c >&5
configure:4032: $? = 0
configure:4050: result: none needed
configure:4166: checking whether gcc understands -c and -o together
configure:4189: gcc -c conftest.c -o conftest2.o
configure:4192: $? = 0
configure:4189: gcc -c conftest.c -o conftest2.o
configure:4192: $? = 0
configure:4204: result: yes
configure:4224: checking whether make supports the include directive
configure:4239: make -f confmf.GNU && cat confinc.out
this is the am__doit target
configure:4242: $? = 0
configure:4261: result: yes (GNU style)
configure:4287: checking dependency style of gcc
configure:4399: result: gcc3
configure:4421: checking for stdio.h
configure:4421: gcc -c -g -O2 -I/home/aim/mil-std-1553-linux-bsp-15.3.0/src/library/include conftest.c >&5
configure:4421: $? = 0
configure:4421: result: yes
configure:4421: checking for stdlib.h
configure:4421: gcc -c -g -O2 -I/home/aim/mil-std-1553-linux-bsp-15.3.0/src/library/include conftest.c >&5
configure:4421: $? = 0
configure:4421: result: yes
configure:4421: checking for string.h
configure:4421: gcc -c -g -O2 -I/home/aim/mil-std-1553-linux-bsp-15.3.0/src/library/include conftest.c >&5
configure:4421: $? = 0
configure:4421: result: yes
configure:4421: checking for inttypes.h
configure:4421: gcc -c -g -O2 -I/home/aim/mil-std-1553-linux-bsp-15.3.0/src/library/include conftest.c >&5
configure:4421: $? = 0
configure:4421: result: yes
configure:4421: checking for stdint.h
configure:4421: gcc -c -g -O2 -I/home/aim/mil-std-1553-linux-bsp-15.3.0/src/library/include conftest.c >&5
configure:4421: $? = 0
configure:4421: result: yes
configure:4421: checking for strings.h
configure:4421: gcc -c -g -O2 -I/home/aim/mil-std-1553-linux-bsp-15.3.0/src/library/include conftest.c >&5
configure:4421: $? = 0
configure:4421: result: yes
configure:4421: checking for sys/stat.h
configure:4421: gcc -c -g -O2 -I/home/aim/mil-std-1553-linux-bsp-15.3.0/src/library/include conftest.c >&5
configure:4421: $? = 0
configure:4421: result: yes
configure:4421: checking for sys/types.h
configure:4421: gcc -c -g -O2 -I/home/aim/mil-std-1553-linux-bsp-15.3.0/src/library/include conftest.c >&5
configure:4421: $? = 0
configure:4421: result: yes
configure:4421: checking for unistd.h
configure:4421: gcc -c -g -O2 -I/home/aim/mil-std-1553-linux-bsp-15.3.0/src/library/include conftest.c >&5
configure:4421: $? = 0
configure:4421: result: yes
configure:4448: checking for pthread.h
configure:4448: gcc -c -g -O2 -I/home/aim/mil-std-1553-linux-bsp-15.3.0/src/library/include conftest.c >&5
configure:4448: $? = 0
configure:4448: result: yes
configure:4459: checking for pthread_join in -lpthread
configure:4482: gcc -o conftest -g -O2 -I/home/aim/mil-std-1553-linux-bsp-15.3.0/src/library/include -L/home/aim/mil-std-1553-linux-bsp-15.3.0/src/library/src/.libs conftest.c -lpthread   >&5
configure:4482: $? = 0
configure:4492: result: yes
configure:4665: checking that generated files are newer than configure
configure:4671: result: done
configure:4706: creating ./config.status

## ---------------------- ##
## Running config.status. ##
## ---------------------- ##

This file was extended by ANS1553 config.status 0.9, which was
generated by GNU Autoconf 2.71.  Invocation command line was

  CONFIG_FILES    = 
  CONFIG_HEADERS  = 
  CONFIG_LINKS    = 
  CONFIG_COMMANDS = 
  $ ./config.status 

on aim-aimpc

config.status:874: creating Makefile
config.status:874: creating src/Makefile
config.status:874: creating config.h
config.status:1103: executing depfiles commands
config.status:1180: cd src       && sed -e '/# am--include-marker/d' Makefile         | make -f - am--depfiles
config.status:1185: $? = 0

## ---------------- ##
## Cache variables. ##
## ---------------- ##

ac_cv_build=x86_64-pc-linux-gnu
ac_cv_c_compiler_gnu=yes
ac_cv_env_AIM_BSP_COMMON_set=set
ac_cv_env_AIM_BSP_COMMON_value=/home/aim/mil-std-1553-linux-bsp-15.3.0/src/AIM-BSP-Common
ac_cv_env_ANS_COMMON_set=set
ac_cv_env_ANS_COMMON_value=/home/aim/mil-std-1553-linux-bsp-15.3.0/src/ANS-Common
ac_cv_env_CC_SYSROOT_set=
ac_cv_env_CC_SYSROOT_value=
ac_cv_env_CC_set=
ac_cv_env_CC_value=
ac_cv_env_CFLAGS_set=
ac_cv_env_CFLAGS_value=
ac_cv_env_CPPFLAGS_set=set
ac_cv_env_CPPFLAGS_value=-I/home/aim/mil-std-1553-linux-bsp-15.3.0/src/library/include
ac_cv_env_LDFLAGS_set=set
ac_cv_env_LDFLAGS_value=-L/home/aim/mil-std-1553-linux-bsp-15.3.0/src/library/src/.libs
ac_cv_env_LIBS_set=
ac_cv_env_LIBS_value=
ac_cv_env_MIL_API_set=set
ac_cv_env_MIL_API_value=/home/aim/mil-std-1553-linux-bsp-15.3.0/src/library
ac_cv_env_MIL_TSW_set=set
ac_cv_env_MIL_TSW_value=/home/aim/mil-std-1553-linux-bsp-15.3.0/src/tsw
ac_cv_env_XENOMAI_INCLUDES_set=
ac_cv_env_XENOMAI_INCLUDES_value=
ac_cv_env_XENOMAI_LIBS_set=
ac_cv_env_XENOMAI_LIBS_value=
ac_cv_env_build_alias_set=
ac_cv_env_build_alias_value=
ac_cv_env_host_alias_set=
ac_cv_env_host_alias_value=
ac_cv_env_target_alias_set=
ac_cv_env_target_alias_value=
ac_cv_header_inttypes_h=yes
ac_cv_header_pthread_h=yes
ac_cv_header_stdint_h=yes
ac_cv_header_stdio_h=yes
ac_cv_header_stdlib_h=yes
ac_cv_header_string_h=yes
ac_cv_header_strings_h=yes
ac_cv_header_sys_stat_h=yes
ac_cv_header_sys_types_h=yes
ac_cv_header_unistd_h=yes
ac_cv_host=x86_64-pc-linux-gnu
ac_cv_lib_pthread_pthread_join=yes
ac_cv_objext=o
ac_cv_path_install='/usr/bin/install -c'
ac_cv_path_mkdir=/usr/bin/mkdir
ac_cv_prog_AWK=mawk
ac_cv_prog_ac_ct_CC=gcc
ac_cv_prog_cc_c11=
ac_cv_prog_cc_g=yes
ac_cv_prog_cc_stdc=
ac_cv_prog_make_make_set=yes
ac_cv_target=x86_64-pc-linux-gnu
am_cv_CC_dependencies_compiler_type=gcc3
am_cv_make_support_nested_variables=yes
am_cv_prog_cc_c_o=yes

## ----------------- ##
## Output variables. ##
## ----------------- ##

ACLOCAL='${SHELL} '\''/home/aim/mil-std-1553-linux-bsp-15.3.0/src/ans1553/missing'\'' aclocal-1.16'
AIM_BSP_COMMON='/home/aim/mil-std-1553-linux-bsp-15.3.0/src/AIM-BSP-Common'
AIM_XENOMAI_FALSE=''
AIM_XENOMAI_TRUE='#'
AMDEPBACKSLASH='\'
AMDEP_FALSE='#'
AMDEP_TRUE=''
AMTAR='$${TAR-tar}'
AM_BACKSLASH='\'
AM_DEFAULT_V='$(AM_DEFAULT_VERBOSITY)'
AM_DEFAULT_VERBOSITY='1'
AM_V='$(V)'
ANS_COMMON='/home/aim/mil-std-1553-linux-bsp-15.3.0/src/ANS-Common'
AUTOCONF='${SHELL} '\''/home/aim/mil-std-1553-linux-bsp-15.3.0/src/ans1553/missing'\'' autoconf'
AUTOHEADER='${SHELL} '\''/home/aim/mil-std-1553-linux-bsp-15.3.0/src/ans1553/missing'\'' autoheader'
AUTOMAKE='${SHELL} '\''/home/aim/mil-std-1553-linux-bsp-15.3.0/src/ans1553/missing'\'' automake-1.16'
AWK='mawk'
CC='gcc'
CCDEPMODE='depmode=gcc3'
CC_SYSROOT=''
CFLAGS='-g -O2'
CPPFLAGS='-I/home/aim/mil-std-1553-linux-bsp-15.3.0/src/library/include'
CSCOPE='cscope'
CTAGS='ctags'
CYGPATH_W='echo'
DEFS='-DHAVE_CONFIG_H'
DEPDIR='.deps'
ECHO_C=''
ECHO_N='-n'
ECHO_T=''
ETAGS='etags'
EXEEXT=''
INSTALL_DATA='${INSTALL} -m 644'
INSTALL_PROGRAM='${INSTALL}'
INSTALL_SCRIPT='${INSTALL}'
INSTALL_STRIP_PROGRAM='$(install_sh) -c -s'
LDFLAGS='-L/home/aim/mil-std-1553-linux-bsp-15.3.0/src/library/src/.libs'
LIBOBJS=''
LIBS='-lpthread '
LTLIBOBJS=''
MAKEINFO='${SHELL} '\''/home/aim/mil-std-1553-linux-bsp-15.3.0/src/ans1553/missing'\'' makeinfo'
MIL_API='/home/aim/mil-std-1553-linux-bsp-15.3.0/src/library'
MIL_TSW='/home/aim/mil-std-1553-linux-bsp-15.3.0/src/tsw'
MKDIR_P='/usr/bin/mkdir -p'
OBJEXT='o'
PACKAGE='ans1553'
PACKAGE_BUGREPORT='support@aim-online.com'
PACKAGE_NAME='ANS1553'
PACKAGE_STRING='ANS1553 0.9'
PACKAGE_TARNAME='ans1553'
PACKAGE_URL=''
PACKAGE_VERSION='0.9'
PATH_SEPARATOR=':'
SET_MAKE=''
SHELL='/bin/bash'
STRIP=''
SYSVINIT_FALSE=''
SYSVINIT_TRUE='#'
VERSION='0.9'
WEBCONFIG_FALSE=''
WEBCONFIG_TRUE='#'
XENOMAI_INCLUDES=''
XENOMAI_LIBS=''
ac_ct_CC='gcc'
am__EXEEXT_FALSE=''
am__EXEEXT_TRUE='#'
am__fastdepCC_FALSE='#'
am__fastdepCC_TRUE=''
am__include='include'
am__isrc=''
am__leading_dot='.'
am__nodep='_no'
am__quote=''
am__tar='$${TAR-tar} chof - "$$tardir"'
am__untar='$${TAR-tar} xf -'
bindir='${exec_prefix}/bin'
build='x86_64-pc-linux-gnu'
build_alias=''
build_cpu='x86_64'
build_os='linux-gnu'
build_vendor='pc'
datadir='${datarootdir}'
datarootdir='${prefix}/share'
docdir='${datarootdir}/doc/${PACKAGE_TARNAME}'
dvidir='${docdir}'
exec_prefix='${prefix}'
host='x86_64-pc-linux-gnu'
host_alias=''
host_cpu='x86_64'
host_os='linux-gnu'
host_vendor='pc'
htmldir='${docdir}'
includedir='${prefix}/include'
infodir='${datarootdir}/info'
install_sh='${SHELL} /home/aim/mil-std-1553-linux-bsp-15.3.0/src/ans1553/install-sh'
libdir='${exec_prefix}/lib'
libexecdir='${exec_prefix}/libexec'
localedir='${datarootdir}/locale'
localstatedir='${prefix}/var'
mandir='${datarootdir}/man'
mkdir_p='$(MKDIR_P)'
oldincludedir='/usr/include'
pdfdir='${docdir}'
prefix='/usr/local'
program_transform_name='s,x,x,'
psdir='${docdir}'
runstatedir='${localstatedir}/run'
sbindir='${exec_prefix}/sbin'
sharedstatedir='${prefix}/com'
sysconfdir='${prefix}/etc'
target='x86_64-pc-linux-gnu'
target_alias=''
target_cpu='x86_64'
target_os='linux-gnu'
target_vendor='pc'

## ----------- ##
## confdefs.h. ##
## ----------- ##

/* confdefs.h */
#define PACKAGE_NAME "ANS1553"
#define PACKAGE_TARNAME "ans1553"
#define PACKAGE_VERSION "0.9"
#define PACKAGE_STRING "ANS1553 0.9"
#define PACKAGE_BUGREPORT "support@aim-online.com"
#define PACKAGE_URL ""
#define PACKAGE "ans1553"
#define VERSION "0.9"
#define HAVE_STDIO_H 1
#define HAVE_STDLIB_H 1
#define HAVE_STRING_H 1
#define HAVE_INTTYPES_H 1
#define HAVE_STDINT_H 1
#define HAVE_STRINGS_H 1
#define HAVE_SYS_STAT_H 1
#define HAVE_SYS_TYPES_H 1
#define HAVE_UNISTD_H 1
#define STDC_HEADERS 1
#define HAVE_PTHREAD_H 1
#define HAVE_LIBPTHREAD 1

configure: exit 0
